Arguments: 
  C:\Program Files\nodejs\node.exe C:\Program Files\nodejs\node_modules\yarn\bin\yarn.js add @types/linebyline

PATH: 
  C:\Program Files\OpenSSH\bin;C:\Program Files\Dart\dart-sdk\bin;C:\Temp\flutter\bin;C:\Temp\aria2;C:\Program Files (x86)\Common Files\Oracle\Java\javapath;C:\Temp\android\jd-gui;C:\Temp\android\dex2jar-2.0;C:\Temp\android\apktool2.2;C:\Users\sewer\AppData\Local\Android\Sdk\platform-tools;C:\Users\sewer\AppData\Local\Programs\Python\Python27;C:\Users\sewer\AppData\Local\Programs\Python\Python27\;C:\Users\sewer\AppData\Local\Programs\Python\Python27\Scripts;C:\Program Files (x86)\NetSarang\Xftp 6\;C:\Program Files (x86)\VMware\VMware Workstation;C:\Program Files\OpenSSL-Win64\bin;C:\software\apache-tomcat-8.5.50\bin;C:\Program Files\cmder;C:\Program Files (x86)\gedit\bin;C:\software\apache-maven-3.6.3\bin;C:\Program Files\MySQL\MySQL Server 5.7\bin;C:\Windows\system32;C:\Windows;C:\Windows\System32\Wbem;C:\Windows\System32\WindowsPowerShell\v1.0\;C:\Program Files\Intel\WiFi\bin\;C:\Program Files\Common Files\Intel\WirelessCommon\;C:\Program Files (x86)\NVIDIA Corporation\PhysX\Common;C:\Program Files\NVIDIA Corporation\NVIDIA NvDLISR;C:\Program Files\Git\cmd;C:\Users\sewer\nvm;C:\Program Files\nodejs;C:\Program Files\OpenSSH;C:\Users\sewer\AppData\Local\Programs\Python\Python38\;C:\ProgramData\chocolatey\bin;C:\Program Files\dotnet\;C:\Users\sewer\AppData\Local\Programs\Python\Python38\Scripts\;C:\Users\sewer\AppData\Local\Programs\Python\Python38\;C:\Program Files\Intel\WiFi\bin\;C:\Program Files\Common Files\Intel\WirelessCommon\;C:\Users\sewer\AppData\Local\Programs\Microsoft VS Code\bin;C:\Users\sewer\AppData\Local\GitHubDesktop\bin;C:\Users\sewer\AppData\Local\hyper\app-3.0.2\resources\bin;C:\Users\sewer\nvm;C:\Program Files\nodejs;C:\Users\sewer\AppData\Local\Programs\Fiddler;

Yarn version: 
  1.21.1

Node version: 
  10.16.3

Platform: 
  win32 x64

Trace: 
  Error: https://registry.npm.taobao.org/@types%2flinebyline: Not found
      at Request.params.callback [as _callback] (C:\Users\sewer\nvm\v10.16.3\node_modules\yarn\lib\cli.js:66947:18)
      at Request.self.callback (C:\Users\sewer\nvm\v10.16.3\node_modules\yarn\lib\cli.js:140665:22)
      at Request.emit (events.js:198:13)
      at Request.<anonymous> (C:\Users\sewer\nvm\v10.16.3\node_modules\yarn\lib\cli.js:141637:10)
      at Request.emit (events.js:198:13)
      at IncomingMessage.<anonymous> (C:\Users\sewer\nvm\v10.16.3\node_modules\yarn\lib\cli.js:141559:12)
      at Object.onceWrapper (events.js:286:20)
      at IncomingMessage.emit (events.js:203:15)
      at endReadableNT (_stream_readable.js:1145:12)
      at process._tickCallback (internal/process/next_tick.js:63:19)

npm manifest: 
  {
  	"name": "android-adb-wlan",
  	"displayName": "android-adb-wlan",
  	"description": "connect android with wlan ",
  	"version": "0.0.1",
  	"engines": {
  		"vscode": "^1.42.0"
  	},
  	"categories": [
  		"Other"
  	],
  	"activationEvents": [
  		"onCommand:android.adb.connect"
  	],
  	"main": "./out/extension.js",
  	"contributes": {
  		"commands": [
  			{
  				"command": "android.adb.connect",
  				"title": "Android adb wlan connect",
  				"icon": {
  					"dark": "./src/assets/adb.svg",
  					"light": "./src/assets/adb.svg"
  				}
  			}
  		],
  		"keybindings": [
  			{
  				"command": "android.adb.connect",
  				"key": "ctrl+alt+]"
  			}
  		],
  		"menus": {
  			"editor/title": [
  				{
  					"command": "android.adb.connect",
  					"group": "navigation"
  				}
  			]
  		}
  	},
  	"scripts": {
  		"vscode:prepublish": "yarn run compile",
  		"compile": "tsc -p ./",
  		"lint": "eslint src --ext ts",
  		"watch": "tsc -watch -p ./",
  		"pretest": "yarn run compile && yarn run lint",
  		"test": "node ./out/test/runTest.js"
  	},
  	"devDependencies": {
  		"@types/glob": "^7.1.1",
  		"@types/mocha": "^7.0.1",
  		"@types/node": "^12.11.7",
  		"@types/vscode": "^1.42.0",
  		"@typescript-eslint/eslint-plugin": "^2.18.0",
  		"@typescript-eslint/parser": "^2.18.0",
  		"eslint": "^6.8.0",
  		"glob": "^7.1.6",
  		"mocha": "^7.0.1",
  		"typescript": "^3.7.5",
  		"vscode-test": "^1.3.0"
  	},
  	"dependencies": {
  		"execa": "^4.0.0",
  		"linebyline": "^1.3.0",
  		"open": "^7.0.2"
  	}
  }

yarn manifest: 
  No manifest

Lockfile: 
  # THIS IS AN AUTOGENERATED FILE. DO NOT EDIT THIS FILE DIRECTLY.
  # yarn lockfile v1
  
  
  "@babel/code-frame@^7.0.0":
    version "7.8.3"
    resolved "https://registry.npm.taobao.org/@babel/code-frame/download/@babel/code-frame-7.8.3.tgz?cache=0&sync_timestamp=1578953126105&other_urls=https%3A%2F%2Fregistry.npm.taobao.org%2F%40babel%2Fcode-frame%2Fdownload%2F%40babel%2Fcode-frame-7.8.3.tgz#33e25903d7481181534e12ec0a25f16b6fcf419e"
    integrity sha1-M+JZA9dIEYFTThLsCiXxa2/PQZ4=
    dependencies:
      "@babel/highlight" "^7.8.3"
  
  "@babel/highlight@^7.8.3":
    version "7.8.3"
    resolved "https://registry.npm.taobao.org/@babel/highlight/download/@babel/highlight-7.8.3.tgz?cache=0&sync_timestamp=1578951935730&other_urls=https%3A%2F%2Fregistry.npm.taobao.org%2F%40babel%2Fhighlight%2Fdownload%2F%40babel%2Fhighlight-7.8.3.tgz#28f173d04223eaaa59bc1d439a3836e6d1265797"
    integrity sha1-KPFz0EIj6qpZvB1Dmjg25tEmV5c=
    dependencies:
      chalk "^2.0.0"
      esutils "^2.0.2"
      js-tokens "^4.0.0"
  
  "@types/color-name@^1.1.1":
    version "1.1.1"
    resolved "https://registry.npm.taobao.org/@types/color-name/download/@types/color-name-1.1.1.tgz#1c1261bbeaa10a8055bbc5d8ab84b7b2afc846a0"
    integrity sha1-HBJhu+qhCoBVu8XYq4S3sq/IRqA=
  
  "@types/eslint-visitor-keys@^1.0.0":
    version "1.0.0"
    resolved "https://registry.npm.taobao.org/@types/eslint-visitor-keys/download/@types/eslint-visitor-keys-1.0.0.tgz#1ee30d79544ca84d68d4b3cdb0af4f205663dd2d"
    integrity sha1-HuMNeVRMqE1o1LPNsK9PIFZj3S0=
  
  "@types/events@*":
    version "3.0.0"
    resolved "https://registry.npm.taobao.org/@types/events/download/@types/events-3.0.0.tgz#2862f3f58a9a7f7c3e78d79f130dd4d71c25c2a7"
    integrity sha1-KGLz9Yqaf3w+eNefEw3U1xwlwqc=
  
  "@types/glob@^7.1.1":
    version "7.1.1"
    resolved "https://registry.npm.taobao.org/@types/glob/download/@types/glob-7.1.1.tgz?cache=0&sync_timestamp=1580841958961&other_urls=https%3A%2F%2Fregistry.npm.taobao.org%2F%40types%2Fglob%2Fdownload%2F%40types%2Fglob-7.1.1.tgz#aa59a1c6e3fbc421e07ccd31a944c30eba521575"
    integrity sha1-qlmhxuP7xCHgfM0xqUTDDrpSFXU=
    dependencies:
      "@types/events" "*"
      "@types/minimatch" "*"
      "@types/node" "*"
  
  "@types/json-schema@^7.0.3":
    version "7.0.4"
    resolved "https://registry.npm.taobao.org/@types/json-schema/download/@types/json-schema-7.0.4.tgz#38fd73ddfd9b55abb1e1b2ed578cb55bd7b7d339"
    integrity sha1-OP1z3f2bVaux4bLtV4y1W9e30zk=
  
  "@types/minimatch@*":
    version "3.0.3"
    resolved "https://registry.npm.taobao.org/@types/minimatch/download/@types/minimatch-3.0.3.tgz?cache=0&other_urls=https%3A%2F%2Fregistry.npm.taobao.org%2F%40types%2Fminimatch%2Fdownload%2F%40types%2Fminimatch-3.0.3.tgz#3dca0e3f33b200fc7d1139c0cd96c1268cadfd9d"
    integrity sha1-PcoOPzOyAPx9ETnAzZbBJoyt/Z0=
  
  "@types/mocha@^7.0.1":
    version "7.0.2"
    resolved "https://registry.npm.taobao.org/@types/mocha/download/@types/mocha-7.0.2.tgz#b17f16cf933597e10d6d78eae3251e692ce8b0ce"
    integrity sha1-sX8Wz5M1l+ENbXjq4yUeaSzosM4=
  
  "@types/node@*":
    version "13.9.0"
    resolved "https://registry.npm.taobao.org/@types/node/download/@types/node-13.9.0.tgz#5b6ee7a77faacddd7de719017d0bc12f52f81589"
    integrity sha1-W27np3+qzd195xkBfQvBL1L4FYk=
  
  "@types/node@^12.11.7":
    version "12.12.29"
    resolved "https://registry.npm.taobao.org/@types/node/download/@types/node-12.12.29.tgz#46275f028b4e463b9ac5fefc1d08bc66cc193f25"
    integrity sha1-RidfAotORjuaxf78HQi8ZswZPyU=
  
  "@types/vscode@^1.42.0":
    version "1.42.0"
    resolved "https://registry.npm.taobao.org/@types/vscode/download/@types/vscode-1.42.0.tgz#0ad891a9487e91e34be7c56985058a179031eb76"
    integrity sha1-CtiRqUh+keNL58VphQWKF5Ax63Y=
  
  "@typescript-eslint/eslint-plugin@^2.18.0":
    version "2.22.0"
    resolved "https://registry.npm.taobao.org/@typescript-eslint/eslint-plugin/download/@typescript-eslint/eslint-plugin-2.22.0.tgz#218ce6d4aa0244c6a40baba39ca1e021b26bb017"
    integrity sha1-IYzm1KoCRMakC6ujnKHgIbJrsBc=
    dependencies:
      "@typescript-eslint/experimental-utils" "2.22.0"
      eslint-utils "^1.4.3"
      functional-red-black-tree "^1.0.1"
      regexpp "^3.0.0"
      tsutils "^3.17.1"
  
  "@typescript-eslint/experimental-utils@2.22.0":
    version "2.22.0"
    resolved "https://registry.npm.taobao.org/@typescript-eslint/experimental-utils/download/@typescript-eslint/experimental-utils-2.22.0.tgz#4d00c91fbaaa68e56e7869be284999a265707f85"
    integrity sha1-TQDJH7qqaOVueGm+KEmZomVwf4U=
    dependencies:
      "@types/json-schema" "^7.0.3"
      "@typescript-eslint/typescript-estree" "2.22.0"
      eslint-scope "^5.0.0"
  
  "@typescript-eslint/parser@^2.18.0":
    version "2.22.0"
    resolved "https://registry.npm.taobao.org/@typescript-eslint/parser/download/@typescript-eslint/parser-2.22.0.tgz#8eeb6cb6de873f655e64153397d4790898e149d0"
    integrity sha1-jutstt6HP2VeZBUzl9R5CJjhSdA=
    dependencies:
      "@types/eslint-visitor-keys" "^1.0.0"
      "@typescript-eslint/experimental-utils" "2.22.0"
      "@typescript-eslint/typescript-estree" "2.22.0"
      eslint-visitor-keys "^1.1.0"
  
  "@typescript-eslint/typescript-estree@2.22.0":
    version "2.22.0"
    resolved "https://registry.npm.taobao.org/@typescript-eslint/typescript-estree/download/@typescript-eslint/typescript-estree-2.22.0.tgz#a16ed45876abf743e1f5857e2f4a1c3199fd219e"
    integrity sha1-oW7UWHar90Ph9YV+L0ocMZn9IZ4=
    dependencies:
      debug "^4.1.1"
      eslint-visitor-keys "^1.1.0"
      glob "^7.1.6"
      is-glob "^4.0.1"
      lodash "^4.17.15"
      semver "^6.3.0"
      tsutils "^3.17.1"
  
  acorn-jsx@^5.2.0:
    version "5.2.0"
    resolved "https://registry.npm.taobao.org/acorn-jsx/download/acorn-jsx-5.2.0.tgz#4c66069173d6fdd68ed85239fc256226182b2ebe"
    integrity sha1-TGYGkXPW/daO2FI5/CViJhgrLr4=
  
  acorn@^7.1.0:
    version "7.1.1"
    resolved "https://registry.npm.taobao.org/acorn/download/acorn-7.1.1.tgz?cache=0&sync_timestamp=1583066405985&other_urls=https%3A%2F%2Fregistry.npm.taobao.org%2Facorn%2Fdownload%2Facorn-7.1.1.tgz#e35668de0b402f359de515c5482a1ab9f89a69bf"
    integrity sha1-41Zo3gtALzWd5RXFSCoaufiaab8=
  
  agent-base@4, agent-base@^4.3.0:
    version "4.3.0"
    resolved "https://registry.npm.taobao.org/agent-base/download/agent-base-4.3.0.tgz?cache=0&sync_timestamp=1579811507521&other_urls=https%3A%2F%2Fregistry.npm.taobao.org%2Fagent-base%2Fdownload%2Fagent-base-4.3.0.tgz#8165f01c436009bccad0b1d122f05ed770efc6ee"
    integrity sha1-gWXwHENgCbzK0LHRIvBe13Dvxu4=
    dependencies:
      es6-promisify "^5.0.0"
  
  ajv@^6.10.0, ajv@^6.10.2:
    version "6.12.0"
    resolved "https://registry.npm.taobao.org/ajv/download/ajv-6.12.0.tgz?cache=0&sync_timestamp=1582379551272&other_urls=https%3A%2F%2Fregistry.npm.taobao.org%2Fajv%2Fdownload%2Fajv-6.12.0.tgz#06d60b96d87b8454a5adaba86e7854da629db4b7"
    integrity sha1-BtYLlth7hFSlrauobnhU2mKdtLc=
    dependencies:
      fast-deep-equal "^3.1.1"
      fast-json-stable-stringify "^2.0.0"
      json-schema-traverse "^0.4.1"
      uri-js "^4.2.2"
  
  ansi-colors@3.2.3:
    version "3.2.3"
    resolved "https://registry.npm.taobao.org/ansi-colors/download/ansi-colors-3.2.3.tgz#57d35b8686e851e2cc04c403f1c00203976a1813"
    integrity sha1-V9NbhoboUeLMBMQD8cACA5dqGBM=
  
  ansi-escapes@^4.2.1:
    version "4.3.1"
    resolved "https://registry.npm.taobao.org/ansi-escapes/download/ansi-escapes-4.3.1.tgz?cache=0&other_urls=https%3A%2F%2Fregistry.npm.taobao.org%2Fansi-escapes%2Fdownload%2Fansi-escapes-4.3.1.tgz#a5c47cc43181f1f38ffd7076837700d395522a61"
    integrity sha1-pcR8xDGB8fOP/XB2g3cA05VSKmE=
    dependencies:
      type-fest "^0.11.0"
  
  ansi-regex@^3.0.0:
    version "3.0.0"
    resolved "https://registry.npm.taobao.org/ansi-regex/download/ansi-regex-3.0.0.tgz#ed0317c322064f79466c02966bddb605ab37d998"
    integrity sha1-7QMXwyIGT3lGbAKWa922Bas32Zg=
  
  ansi-regex@^4.1.0:
    version "4.1.0"
    resolved "https://registry.npm.taobao.org/ansi-regex/download/ansi-regex-4.1.0.tgz#8b9f8f08cf1acb843756a839ca8c7e3168c51997"
    integrity sha1-i5+PCM8ay4Q3Vqg5yox+MWjFGZc=
  
  ansi-regex@^5.0.0:
    version "5.0.0"
    resolved "https://registry.npm.taobao.org/ansi-regex/download/ansi-regex-5.0.0.tgz#388539f55179bf39339c81af30a654d69f87cb75"
    integrity sha1-OIU59VF5vzkznIGvMKZU1p+Hy3U=
  
  ansi-styles@^3.2.0, ansi-styles@^3.2.1:
    version "3.2.1"
    resolved "https://registry.npm.taobao.org/ansi-styles/download/ansi-styles-3.2.1.tgz#41fbb20243e50b12be0f04b8dedbf07520ce841d"
    integrity sha1-QfuyAkPlCxK+DwS43tvwdSDOhB0=
    dependencies:
      color-convert "^1.9.0"
  
  ansi-styles@^4.1.0:
    version "4.2.1"
    resolved "https://registry.npm.taobao.org/ansi-styles/download/ansi-styles-4.2.1.tgz#90ae75c424d008d2624c5bf29ead3177ebfcf359"
    integrity sha1-kK51xCTQCNJiTFvynq0xd+v881k=
    dependencies:
      "@types/color-name" "^1.1.1"
      color-convert "^2.0.1"
  
  anymatch@~3.1.1:
    version "3.1.1"
    resolved "https://registry.npm.taobao.org/anymatch/download/anymatch-3.1.1.tgz#c55ecf02185e2469259399310c173ce31233b142"
    integrity sha1-xV7PAhheJGklk5kxDBc84xIzsUI=
    dependencies:
      normalize-path "^3.0.0"
      picomatch "^2.0.4"
  
  argparse@^1.0.7:
    version "1.0.10"
    resolved "https://registry.npm.taobao.org/argparse/download/argparse-1.0.10.tgz?cache=0&sync_timestamp=1571657259891&other_urls=https%3A%2F%2Fregistry.npm.taobao.org%2Fargparse%2Fdownload%2Fargparse-1.0.10.tgz#bcd6791ea5ae09725e17e5ad988134cd40b3d911"
    integrity sha1-vNZ5HqWuCXJeF+WtmIE0zUCz2RE=
    dependencies:
      sprintf-js "~1.0.2"
  
  astral-regex@^1.0.0:
    version "1.0.0"
    resolved "https://registry.npm.taobao.org/astral-regex/download/astral-regex-1.0.0.tgz#6c8c3fb827dd43ee3918f27b82782ab7658a6fd9"
    integrity sha1-bIw/uCfdQ+45GPJ7gngqt2WKb9k=
  
  balanced-match@^1.0.0:
    version "1.0.0"
    resolved "https://registry.npm.taobao.org/balanced-match/download/balanced-match-1.0.0.tgz#89b4d199ab2bee49de164ea02b89ce462d71b767"
    integrity sha1-ibTRmasr7kneFk6gK4nORi1xt2c=
  
  binary-extensions@^2.0.0:
    version "2.0.0"
    resolved "https://registry.npm.taobao.org/binary-extensions/download/binary-extensions-2.0.0.tgz#23c0df14f6a88077f5f986c0d167ec03c3d5537c"
    integrity sha1-I8DfFPaogHf1+YbA0WfsA8PVU3w=
  
  brace-expansion@^1.1.7:
    version "1.1.11"
    resolved "https://registry.npm.taobao.org/brace-expansion/download/brace-expansion-1.1.11.tgz#3c7fcbf529d87226f3d2f52b966ff5271eb441dd"
    integrity sha1-PH/L9SnYcibz0vUrlm/1Jx60Qd0=
    dependencies:
      balanced-match "^1.0.0"
      concat-map "0.0.1"
  
  braces@~3.0.2:
    version "3.0.2"
    resolved "https://registry.npm.taobao.org/braces/download/braces-3.0.2.tgz#3454e1a462ee8d599e236df336cd9ea4f8afe107"
    integrity sha1-NFThpGLujVmeI23zNs2epPiv4Qc=
    dependencies:
      fill-range "^7.0.1"
  
  browser-stdout@1.3.1:
    version "1.3.1"
    resolved "https://registry.npm.taobao.org/browser-stdout/download/browser-stdout-1.3.1.tgz#baa559ee14ced73452229bad7326467c61fabd60"
    integrity sha1-uqVZ7hTO1zRSIputcyZGfGH6vWA=
  
  callsites@^3.0.0:
    version "3.1.0"
    resolved "https://registry.npm.taobao.org/callsites/download/callsites-3.1.0.tgz#b3630abd8943432f54b3f0519238e33cd7df2f73"
    integrity sha1-s2MKvYlDQy9Us/BRkjjjPNffL3M=
  
  camelcase@^5.0.0:
    version "5.3.1"
    resolved "https://registry.npm.taobao.org/camelcase/download/camelcase-5.3.1.tgz#e3c9b31569e106811df242f715725a1f4c494320"
    integrity sha1-48mzFWnhBoEd8kL3FXJaH0xJQyA=
  
  chalk@^2.0.0, chalk@^2.1.0, chalk@^2.4.2:
    version "2.4.2"
    resolved "https://registry.npm.taobao.org/chalk/download/chalk-2.4.2.tgz?cache=0&sync_timestamp=1581846316501&other_urls=https%3A%2F%2Fregistry.npm.taobao.org%2Fchalk%2Fdownload%2Fchalk-2.4.2.tgz#cd42541677a54333cf541a49108c1432b44c9424"
    integrity sha1-zUJUFnelQzPPVBpJEIwUMrRMlCQ=
    dependencies:
      ansi-styles "^3.2.1"
      escape-string-regexp "^1.0.5"
      supports-color "^5.3.0"
  
  chalk@^3.0.0:
    version "3.0.0"
    resolved "https://registry.npm.taobao.org/chalk/download/chalk-3.0.0.tgz?cache=0&sync_timestamp=1581846316501&other_urls=https%3A%2F%2Fregistry.npm.taobao.org%2Fchalk%2Fdownload%2Fchalk-3.0.0.tgz#3f73c2bf526591f574cc492c51e2456349f844e4"
    integrity sha1-P3PCv1JlkfV0zEksUeJFY0n4ROQ=
    dependencies:
      ansi-styles "^4.1.0"
      supports-color "^7.1.0"
  
  chardet@^0.7.0:
    version "0.7.0"
    resolved "https://registry.npm.taobao.org/chardet/download/chardet-0.7.0.tgz#90094849f0937f2eedc2425d0d28a9e5f0cbad9e"
    integrity sha1-kAlISfCTfy7twkJdDSip5fDLrZ4=
  
  chokidar@3.3.0:
    version "3.3.0"
    resolved "https://registry.npm.taobao.org/chokidar/download/chokidar-3.3.0.tgz#12c0714668c55800f659e262d4962a97faf554a6"
    integrity sha1-EsBxRmjFWAD2WeJi1JYql/r1VKY=
    dependencies:
      anymatch "~3.1.1"
      braces "~3.0.2"
      glob-parent "~5.1.0"
      is-binary-path "~2.1.0"
      is-glob "~4.0.1"
      normalize-path "~3.0.0"
      readdirp "~3.2.0"
    optionalDependencies:
      fsevents "~2.1.1"
  
  cli-cursor@^3.1.0:
    version "3.1.0"
    resolved "https://registry.npm.taobao.org/cli-cursor/download/cli-cursor-3.1.0.tgz#264305a7ae490d1d03bf0c9ba7c925d1753af307"
    integrity sha1-JkMFp65JDR0Dvwybp8kl0XU68wc=
    dependencies:
      restore-cursor "^3.1.0"
  
  cli-width@^2.0.0:
    version "2.2.0"
    resolved "https://registry.npm.taobao.org/cli-width/download/cli-width-2.2.0.tgz#ff19ede8a9a5e579324147b0c11f0fbcbabed639"
    integrity sha1-/xnt6Kml5XkyQUewwR8PvLq+1jk=
  
  cliui@^5.0.0:
    version "5.0.0"
    resolved "https://registry.npm.taobao.org/cliui/download/cliui-5.0.0.tgz?cache=0&sync_timestamp=1573943292170&other_urls=https%3A%2F%2Fregistry.npm.taobao.org%2Fcliui%2Fdownload%2Fcliui-5.0.0.tgz#deefcfdb2e800784aa34f46fa08e06851c7bbbc5"
    integrity sha1-3u/P2y6AB4SqNPRvoI4GhRx7u8U=
    dependencies:
      string-width "^3.1.0"
      strip-ansi "^5.2.0"
      wrap-ansi "^5.1.0"
  
  color-convert@^1.9.0:
    version "1.9.3"
    resolved "https://registry.npm.taobao.org/color-convert/download/color-convert-1.9.3.tgz#bb71850690e1f136567de629d2d5471deda4c1e8"
    integrity sha1-u3GFBpDh8TZWfeYp0tVHHe2kweg=
    dependencies:
      color-name "1.1.3"
  
  color-convert@^2.0.1:
    version "2.0.1"
    resolved "https://registry.npm.taobao.org/color-convert/download/color-convert-2.0.1.tgz#72d3a68d598c9bdb3af2ad1e84f21d896abd4de3"
    integrity sha1-ctOmjVmMm9s68q0ehPIdiWq9TeM=
    dependencies:
      color-name "~1.1.4"
  
  color-name@1.1.3:
    version "1.1.3"
    resolved "https://registry.npm.taobao.org/color-name/download/color-name-1.1.3.tgz#a7d0558bd89c42f795dd42328f740831ca53bc25"
    integrity sha1-p9BVi9icQveV3UIyj3QIMcpTvCU=
  
  color-name@~1.1.4:
    version "1.1.4"
    resolved "https://registry.npm.taobao.org/color-name/download/color-name-1.1.4.tgz#c2a09a87acbde69543de6f63fa3995c826c536a2"
    integrity sha1-wqCah6y95pVD3m9j+jmVyCbFNqI=
  
  concat-map@0.0.1:
    version "0.0.1"
    resolved "https://registry.npm.taobao.org/concat-map/download/concat-map-0.0.1.tgz#d8a96bd77fd68df7793a73036a3ba0d5405d477b"
    integrity sha1-2Klr13/Wjfd5OnMDajug1UBdR3s=
  
  cross-spawn@^6.0.5:
    version "6.0.5"
    resolved "https://registry.npm.taobao.org/cross-spawn/download/cross-spawn-6.0.5.tgz#4a5ec7c64dfae22c3a14124dbacdee846d80cbc4"
    integrity sha1-Sl7Hxk364iw6FBJNus3uhG2Ay8Q=
    dependencies:
      nice-try "^1.0.4"
      path-key "^2.0.1"
      semver "^5.5.0"
      shebang-command "^1.2.0"
      which "^1.2.9"
  
  cross-spawn@^7.0.0:
    version "7.0.1"
    resolved "https://registry.npm.taobao.org/cross-spawn/download/cross-spawn-7.0.1.tgz#0ab56286e0f7c24e153d04cc2aa027e43a9a5d14"
    integrity sha1-CrVihuD3wk4VPQTMKqAn5DqaXRQ=
    dependencies:
      path-key "^3.1.0"
      shebang-command "^2.0.0"
      which "^2.0.1"
  
  debug@3.1.0:
    version "3.1.0"
    resolved "https://registry.npm.taobao.org/debug/download/debug-3.1.0.tgz#5bb5a0672628b64149566ba16819e61518c67261"
    integrity sha1-W7WgZyYotkFJVmuhaBnmFRjGcmE=
    dependencies:
      ms "2.0.0"
  
  debug@3.2.6, debug@^3.1.0:
    version "3.2.6"
    resolved "https://registry.npm.taobao.org/debug/download/debug-3.2.6.tgz#e83d17de16d8a7efb7717edbe5fb10135eee629b"
    integrity sha1-6D0X3hbYp++3cX7b5fsQE17uYps=
    dependencies:
      ms "^2.1.1"
  
  debug@^4.0.1, debug@^4.1.1:
    version "4.1.1"
    resolved "https://registry.npm.taobao.org/debug/download/debug-4.1.1.tgz#3b72260255109c6b589cee050f1d516139664791"
    integrity sha1-O3ImAlUQnGtYnO4FDx1RYTlmR5E=
    dependencies:
      ms "^2.1.1"
  
  decamelize@^1.2.0:
    version "1.2.0"
    resolved "https://registry.npm.taobao.org/decamelize/download/decamelize-1.2.0.tgz#f6534d15148269b20352e7bee26f501f9a191290"
    integrity sha1-9lNNFRSCabIDUue+4m9QH5oZEpA=
  
  deep-is@~0.1.3:
    version "0.1.3"
    resolved "https://registry.npm.taobao.org/deep-is/download/deep-is-0.1.3.tgz#b369d6fb5dbc13eecf524f91b070feedc357cf34"
    integrity sha1-s2nW+128E+7PUk+RsHD+7cNXzzQ=
  
  define-properties@^1.1.2, define-properties@^1.1.3:
    version "1.1.3"
    resolved "https://registry.npm.taobao.org/define-properties/download/define-properties-1.1.3.tgz#cf88da6cbee26fe6db7094f61d870cbd84cee9f1"
    integrity sha1-z4jabL7ib+bbcJT2HYcMvYTO6fE=
    dependencies:
      object-keys "^1.0.12"
  
  diff@3.5.0:
    version "3.5.0"
    resolved "https://registry.npm.taobao.org/diff/download/diff-3.5.0.tgz?cache=0&sync_timestamp=1578890967183&other_urls=https%3A%2F%2Fregistry.npm.taobao.org%2Fdiff%2Fdownload%2Fdiff-3.5.0.tgz#800c0dd1e0a8bfbc95835c202ad220fe317e5a12"
    integrity sha1-gAwN0eCov7yVg1wgKtIg/jF+WhI=
  
  doctrine@^3.0.0:
    version "3.0.0"
    resolved "https://registry.npm.taobao.org/doctrine/download/doctrine-3.0.0.tgz#addebead72a6574db783639dc87a121773973961"
    integrity sha1-rd6+rXKmV023g2OdyHoSF3OXOWE=
    dependencies:
      esutils "^2.0.2"
  
  emoji-regex@^7.0.1:
    version "7.0.3"
    resolved "https://registry.npm.taobao.org/emoji-regex/download/emoji-regex-7.0.3.tgz#933a04052860c85e83c122479c4748a8e4c72156"
    integrity sha1-kzoEBShgyF6DwSJHnEdIqOTHIVY=
  
  emoji-regex@^8.0.0:
    version "8.0.0"
    resolved "https://registry.npm.taobao.org/emoji-regex/download/emoji-regex-8.0.0.tgz#e818fd69ce5ccfcb404594f842963bf53164cc37"
    integrity sha1-6Bj9ac5cz8tARZT4QpY79TFkzDc=
  
  end-of-stream@^1.1.0:
    version "1.4.4"
    resolved "https://registry.npm.taobao.org/end-of-stream/download/end-of-stream-1.4.4.tgz#5ae64a5f45057baf3626ec14da0ca5e4b2431eb0"
    integrity sha1-WuZKX0UFe682JuwU2gyl5LJDHrA=
    dependencies:
      once "^1.4.0"
  
  es-abstract@^1.17.0-next.1:
    version "1.17.4"
    resolved "https://registry.npm.taobao.org/es-abstract/download/es-abstract-1.17.4.tgz?cache=0&sync_timestamp=1579624493239&other_urls=https%3A%2F%2Fregistry.npm.taobao.org%2Fes-abstract%2Fdownload%2Fes-abstract-1.17.4.tgz#e3aedf19706b20e7c2594c35fc0d57605a79e184"
    integrity sha1-467fGXBrIOfCWUw1/A1XYFp54YQ=
    dependencies:
      es-to-primitive "^1.2.1"
      function-bind "^1.1.1"
      has "^1.0.3"
      has-symbols "^1.0.1"
      is-callable "^1.1.5"
      is-regex "^1.0.5"
      object-inspect "^1.7.0"
      object-keys "^1.1.1"
      object.assign "^4.1.0"
      string.prototype.trimleft "^2.1.1"
      string.prototype.trimright "^2.1.1"
  
  es-to-primitive@^1.2.1:
    version "1.2.1"
    resolved "https://registry.npm.taobao.org/es-to-primitive/download/es-to-primitive-1.2.1.tgz#e55cd4c9cdc188bcefb03b366c736323fc5c898a"
    integrity sha1-5VzUyc3BiLzvsDs2bHNjI/xciYo=
    dependencies:
      is-callable "^1.1.4"
      is-date-object "^1.0.1"
      is-symbol "^1.0.2"
  
  es6-promise@^4.0.3:
    version "4.2.8"
    resolved "https://registry.npm.taobao.org/es6-promise/download/es6-promise-4.2.8.tgz#4eb21594c972bc40553d276e510539143db53e0a"
    integrity sha1-TrIVlMlyvEBVPSduUQU5FD21Pgo=
  
  es6-promisify@^5.0.0:
    version "5.0.0"
    resolved "https://registry.npm.taobao.org/es6-promisify/download/es6-promisify-5.0.0.tgz#5109d62f3e56ea967c4b63505aef08291c8a5203"
    integrity sha1-UQnWLz5W6pZ8S2NQWu8IKRyKUgM=
    dependencies:
      es6-promise "^4.0.3"
  
  escape-string-regexp@1.0.5, escape-string-regexp@^1.0.5:
    version "1.0.5"
    resolved "https://registry.npm.taobao.org/escape-string-regexp/download/escape-string-regexp-1.0.5.tgz#1b61c0562190a8dff6ae3bb2cf0200ca130b86d4"
    integrity sha1-G2HAViGQqN/2rjuyzwIAyhMLhtQ=
  
  eslint-scope@^5.0.0:
    version "5.0.0"
    resolved "https://registry.npm.taobao.org/eslint-scope/download/eslint-scope-5.0.0.tgz#e87c8887c73e8d1ec84f1ca591645c358bfc8fb9"
    integrity sha1-6HyIh8c+jR7ITxylkWRcNYv8j7k=
    dependencies:
      esrecurse "^4.1.0"
      estraverse "^4.1.1"
  
  eslint-utils@^1.4.3:
    version "1.4.3"
    resolved "https://registry.npm.taobao.org/eslint-utils/download/eslint-utils-1.4.3.tgz#74fec7c54d0776b6f67e0251040b5806564e981f"
    integrity sha1-dP7HxU0Hdrb2fgJRBAtYBlZOmB8=
    dependencies:
      eslint-visitor-keys "^1.1.0"
  
  eslint-visitor-keys@^1.1.0:
    version "1.1.0"
    resolved "https://registry.npm.taobao.org/eslint-visitor-keys/download/eslint-visitor-keys-1.1.0.tgz#e2a82cea84ff246ad6fb57f9bde5b46621459ec2"
    integrity sha1-4qgs6oT/JGrW+1f5veW0ZiFFnsI=
  
  eslint@^6.8.0:
    version "6.8.0"
    resolved "https://registry.npm.taobao.org/eslint/download/eslint-6.8.0.tgz#62262d6729739f9275723824302fb227c8c93ffb"
    integrity sha1-YiYtZylzn5J1cjgkMC+yJ8jJP/s=
    dependencies:
      "@babel/code-frame" "^7.0.0"
      ajv "^6.10.0"
      chalk "^2.1.0"
      cross-spawn "^6.0.5"
      debug "^4.0.1"
      doctrine "^3.0.0"
      eslint-scope "^5.0.0"
      eslint-utils "^1.4.3"
      eslint-visitor-keys "^1.1.0"
      espree "^6.1.2"
      esquery "^1.0.1"
      esutils "^2.0.2"
      file-entry-cache "^5.0.1"
      functional-red-black-tree "^1.0.1"
      glob-parent "^5.0.0"
      globals "^12.1.0"
      ignore "^4.0.6"
      import-fresh "^3.0.0"
      imurmurhash "^0.1.4"
      inquirer "^7.0.0"
      is-glob "^4.0.0"
      js-yaml "^3.13.1"
      json-stable-stringify-without-jsonify "^1.0.1"
      levn "^0.3.0"
      lodash "^4.17.14"
      minimatch "^3.0.4"
      mkdirp "^0.5.1"
      natural-compare "^1.4.0"
      optionator "^0.8.3"
      progress "^2.0.0"
      regexpp "^2.0.1"
      semver "^6.1.2"
      strip-ansi "^5.2.0"
      strip-json-comments "^3.0.1"
      table "^5.2.3"
      text-table "^0.2.0"
      v8-compile-cache "^2.0.3"
  
  espree@^6.1.2:
    version "6.2.0"
    resolved "https://registry.npm.taobao.org/espree/download/espree-6.2.0.tgz?cache=0&sync_timestamp=1583168748616&other_urls=https%3A%2F%2Fregistry.npm.taobao.org%2Fespree%2Fdownload%2Fespree-6.2.0.tgz#349fef01a202bbab047748300deb37fa44da79d7"
    integrity sha1-NJ/vAaICu6sEd0gwDes3+kTaedc=
    dependencies:
      acorn "^7.1.0"
      acorn-jsx "^5.2.0"
      eslint-visitor-keys "^1.1.0"
  
  esprima@^4.0.0:
    version "4.0.1"
    resolved "https://registry.npm.taobao.org/esprima/download/esprima-4.0.1.tgz#13b04cdb3e6c5d19df91ab6987a8695619b0aa71"
    integrity sha1-E7BM2z5sXRnfkatph6hpVhmwqnE=
  
  esquery@^1.0.1:
    version "1.1.0"
    resolved "https://registry.npm.taobao.org/esquery/download/esquery-1.1.0.tgz#c5c0b66f383e7656404f86b31334d72524eddb48"
    integrity sha1-xcC2bzg+dlZAT4azEzTXJSTt20g=
    dependencies:
      estraverse "^4.0.0"
  
  esrecurse@^4.1.0:
    version "4.2.1"
    resolved "https://registry.npm.taobao.org/esrecurse/download/esrecurse-4.2.1.tgz#007a3b9fdbc2b3bb87e4879ea19c92fdbd3942cf"
    integrity sha1-AHo7n9vCs7uH5IeeoZyS/b05Qs8=
    dependencies:
      estraverse "^4.1.0"
  
  estraverse@^4.0.0, estraverse@^4.1.0, estraverse@^4.1.1:
    version "4.3.0"
    resolved "https://registry.npm.taobao.org/estraverse/download/estraverse-4.3.0.tgz#398ad3f3c5a24948be7725e83d11a7de28cdbd1d"
    integrity sha1-OYrT88WiSUi+dyXoPRGn3ijNvR0=
  
  esutils@^2.0.2:
    version "2.0.3"
    resolved "https://registry.npm.taobao.org/esutils/download/esutils-2.0.3.tgz#74d2eb4de0b8da1293711910d50775b9b710ef64"
    integrity sha1-dNLrTeC42hKTcRkQ1Qd1ubcQ72Q=
  
  execa@^4.0.0:
    version "4.0.0"
    resolved "https://registry.npm.taobao.org/execa/download/execa-4.0.0.tgz?cache=0&sync_timestamp=1576749101742&other_urls=https%3A%2F%2Fregistry.npm.taobao.org%2Fexeca%2Fdownload%2Fexeca-4.0.0.tgz#7f37d6ec17f09e6b8fc53288611695b6d12b9daf"
    integrity sha1-fzfW7BfwnmuPxTKIYRaVttErna8=
    dependencies:
      cross-spawn "^7.0.0"
      get-stream "^5.0.0"
      human-signals "^1.1.1"
      is-stream "^2.0.0"
      merge-stream "^2.0.0"
      npm-run-path "^4.0.0"
      onetime "^5.1.0"
      signal-exit "^3.0.2"
      strip-final-newline "^2.0.0"
  
  external-editor@^3.0.3:
    version "3.1.0"
    resolved "https://registry.npm.taobao.org/external-editor/download/external-editor-3.1.0.tgz#cb03f740befae03ea4d283caed2741a83f335495"
    integrity sha1-ywP3QL764D6k0oPK7SdBqD8zVJU=
    dependencies:
      chardet "^0.7.0"
      iconv-lite "^0.4.24"
      tmp "^0.0.33"
  
  fast-deep-equal@^3.1.1:
    version "3.1.1"
    resolved "https://registry.npm.taobao.org/fast-deep-equal/download/fast-deep-equal-3.1.1.tgz#545145077c501491e33b15ec408c294376e94ae4"
    integrity sha1-VFFFB3xQFJHjOxXsQIwpQ3bpSuQ=
  
  fast-json-stable-stringify@^2.0.0:
    version "2.1.0"
    resolved "https://registry.npm.taobao.org/fast-json-stable-stringify/download/fast-json-stable-stringify-2.1.0.tgz?cache=0&sync_timestamp=1576340291001&other_urls=https%3A%2F%2Fregistry.npm.taobao.org%2Ffast-json-stable-stringify%2Fdownload%2Ffast-json-stable-stringify-2.1.0.tgz#874bf69c6f404c2b5d99c481341399fd55892633"
    integrity sha1-h0v2nG9ATCtdmcSBNBOZ/VWJJjM=
  
  fast-levenshtein@~2.0.6:
    version "2.0.6"
    resolved "https://registry.npm.taobao.org/fast-levenshtein/download/fast-levenshtein-2.0.6.tgz#3d8a5c66883a16a30ca8643e851f19baa7797917"
    integrity sha1-PYpcZog6FqMMqGQ+hR8Zuqd5eRc=
  
  figures@^3.0.0:
    version "3.2.0"
    resolved "https://registry.npm.taobao.org/figures/download/figures-3.2.0.tgz?cache=0&sync_timestamp=1581865349068&other_urls=https%3A%2F%2Fregistry.npm.taobao.org%2Ffigures%2Fdownload%2Ffigures-3.2.0.tgz#625c18bd293c604dc4a8ddb2febf0c88341746af"
    integrity sha1-YlwYvSk8YE3EqN2y/r8MiDQXRq8=
    dependencies:
      escape-string-regexp "^1.0.5"
  
  file-entry-cache@^5.0.1:
    version "5.0.1"
    resolved "https://registry.npm.taobao.org/file-entry-cache/download/file-entry-cache-5.0.1.tgz#ca0f6efa6dd3d561333fb14515065c2fafdf439c"
    integrity sha1-yg9u+m3T1WEzP7FFFQZcL6/fQ5w=
    dependencies:
      flat-cache "^2.0.1"
  
  fill-range@^7.0.1:
    version "7.0.1"
    resolved "https://registry.npm.taobao.org/fill-range/download/fill-range-7.0.1.tgz#1919a6a7c75fe38b2c7c77e5198535da9acdda40"
    integrity sha1-GRmmp8df44ssfHflGYU12prN2kA=
    dependencies:
      to-regex-range "^5.0.1"
  
  find-up@3.0.0, find-up@^3.0.0:
    version "3.0.0"
    resolved "https://registry.npm.taobao.org/find-up/download/find-up-3.0.0.tgz#49169f1d7993430646da61ecc5ae355c21c97b73"
    integrity sha1-SRafHXmTQwZG2mHsxa41XCHJe3M=
    dependencies:
      locate-path "^3.0.0"
  
  flat-cache@^2.0.1:
    version "2.0.1"
    resolved "https://registry.npm.taobao.org/flat-cache/download/flat-cache-2.0.1.tgz#5d296d6f04bda44a4630a301413bdbc2ec085ec0"
    integrity sha1-XSltbwS9pEpGMKMBQTvbwuwIXsA=
    dependencies:
      flatted "^2.0.0"
      rimraf "2.6.3"
      write "1.0.3"
  
  flat@^4.1.0:
    version "4.1.0"
    resolved "https://registry.npm.taobao.org/flat/download/flat-4.1.0.tgz#090bec8b05e39cba309747f1d588f04dbaf98db2"
    integrity sha1-CQvsiwXjnLowl0fx1YjwTbr5jbI=
    dependencies:
      is-buffer "~2.0.3"
  
  flatted@^2.0.0:
    version "2.0.1"
    resolved "https://registry.npm.taobao.org/flatted/download/flatted-2.0.1.tgz#69e57caa8f0eacbc281d2e2cb458d46fdb449e08"
    integrity sha1-aeV8qo8OrLwoHS4stFjUb9tEngg=
  
  fs.realpath@^1.0.0:
    version "1.0.0"
    resolved "https://registry.npm.taobao.org/fs.realpath/download/fs.realpath-1.0.0.tgz#1504ad2523158caa40db4a2787cb01411994ea4f"
    integrity sha1-FQStJSMVjKpA20onh8sBQRmU6k8=
  
  fsevents@~2.1.1:
    version "2.1.2"
    resolved "https://registry.npm.taobao.org/fsevents/download/fsevents-2.1.2.tgz#4c0a1fb34bc68e543b4b82a9ec392bfbda840805"
    integrity sha1-TAofs0vGjlQ7S4Kp7Dkr+9qECAU=
  
  function-bind@^1.1.1:
    version "1.1.1"
    resolved "https://registry.npm.taobao.org/function-bind/download/function-bind-1.1.1.tgz#a56899d3ea3c9bab874bb9773b7c5ede92f4895d"
    integrity sha1-pWiZ0+o8m6uHS7l3O3xe3pL0iV0=
  
  functional-red-black-tree@^1.0.1:
    version "1.0.1"
    resolved "https://registry.npm.taobao.org/functional-red-black-tree/download/functional-red-black-tree-1.0.1.tgz#1b0ab3bd553b2a0d6399d29c0e3ea0b252078327"
    integrity sha1-GwqzvVU7Kg1jmdKcDj6gslIHgyc=
  
  get-caller-file@^2.0.1:
    version "2.0.5"
    resolved "https://registry.npm.taobao.org/get-caller-file/download/get-caller-file-2.0.5.tgz#4f94412a82db32f36e3b0b9741f8a97feb031f7e"
    integrity sha1-T5RBKoLbMvNuOwuXQfipf+sDH34=
  
  get-stream@^5.0.0:
    version "5.1.0"
    resolved "https://registry.npm.taobao.org/get-stream/download/get-stream-5.1.0.tgz#01203cdc92597f9b909067c3e656cc1f4d3c4dc9"
    integrity sha1-ASA83JJZf5uQkGfD5lbMH008Tck=
    dependencies:
      pump "^3.0.0"
  
  glob-parent@^5.0.0, glob-parent@~5.1.0:
    version "5.1.0"
    resolved "https://registry.npm.taobao.org/glob-parent/download/glob-parent-5.1.0.tgz#5f4c1d1e748d30cd73ad2944b3577a81b081e8c2"
    integrity sha1-X0wdHnSNMM1zrSlEs1d6gbCB6MI=
    dependencies:
      is-glob "^4.0.1"
  
  glob@7.1.3:
    version "7.1.3"
    resolved "https://registry.npm.taobao.org/glob/download/glob-7.1.3.tgz?cache=0&sync_timestamp=1573078121947&other_urls=https%3A%2F%2Fregistry.npm.taobao.org%2Fglob%2Fdownload%2Fglob-7.1.3.tgz#3960832d3f1574108342dafd3a67b332c0969df1"
    integrity sha1-OWCDLT8VdBCDQtr9OmezMsCWnfE=
    dependencies:
      fs.realpath "^1.0.0"
      inflight "^1.0.4"
      inherits "2"
      minimatch "^3.0.4"
      once "^1.3.0"
      path-is-absolute "^1.0.0"
  
  glob@^7.1.3, glob@^7.1.6:
    version "7.1.6"
    resolved "https://registry.npm.taobao.org/glob/download/glob-7.1.6.tgz?cache=0&sync_timestamp=1573078121947&other_urls=https%3A%2F%2Fregistry.npm.taobao.org%2Fglob%2Fdownload%2Fglob-7.1.6.tgz#141f33b81a7c2492e125594307480c46679278a6"
    integrity sha1-FB8zuBp8JJLhJVlDB0gMRmeSeKY=
    dependencies:
      fs.realpath "^1.0.0"
      inflight "^1.0.4"
      inherits "2"
      minimatch "^3.0.4"
      once "^1.3.0"
      path-is-absolute "^1.0.0"
  
  globals@^12.1.0:
    version "12.3.0"
    resolved "https://registry.npm.taobao.org/globals/download/globals-12.3.0.tgz#1e564ee5c4dded2ab098b0f88f24702a3c56be13"
    integrity sha1-HlZO5cTd7SqwmLD4jyRwKjxWvhM=
    dependencies:
      type-fest "^0.8.1"
  
  growl@1.10.5:
    version "1.10.5"
    resolved "https://registry.npm.taobao.org/growl/download/growl-1.10.5.tgz#f2735dc2283674fa67478b10181059355c369e5e"
    integrity sha1-8nNdwig2dPpnR4sQGBBZNVw2nl4=
  
  has-flag@^3.0.0:
    version "3.0.0"
    resolved "https://registry.npm.taobao.org/has-flag/download/has-flag-3.0.0.tgz#b5d454dc2199ae225699f3467e5a07f3b955bafd"
    integrity sha1-tdRU3CGZriJWmfNGfloH87lVuv0=
  
  has-flag@^4.0.0:
    version "4.0.0"
    resolved "https://registry.npm.taobao.org/has-flag/download/has-flag-4.0.0.tgz#944771fd9c81c81265c4d6941860da06bb59479b"
    integrity sha1-lEdx/ZyByBJlxNaUGGDaBrtZR5s=
  
  has-symbols@^1.0.0, has-symbols@^1.0.1:
    version "1.0.1"
    resolved "https://registry.npm.taobao.org/has-symbols/download/has-symbols-1.0.1.tgz#9f5214758a44196c406d9bd76cebf81ec2dd31e8"
    integrity sha1-n1IUdYpEGWxAbZvXbOv4HsLdMeg=
  
  has@^1.0.3:
    version "1.0.3"
    resolved "https://registry.npm.taobao.org/has/download/has-1.0.3.tgz#722d7cbfc1f6aa8241f16dd814e011e1f41e8796"
    integrity sha1-ci18v8H2qoJB8W3YFOAR4fQeh5Y=
    dependencies:
      function-bind "^1.1.1"
  
  he@1.2.0:
    version "1.2.0"
    resolved "https://registry.npm.taobao.org/he/download/he-1.2.0.tgz#84ae65fa7eafb165fddb61566ae14baf05664f0f"
    integrity sha1-hK5l+n6vsWX922FWauFLrwVmTw8=
  
  http-proxy-agent@^2.1.0:
    version "2.1.0"
    resolved "https://registry.npm.taobao.org/http-proxy-agent/download/http-proxy-agent-2.1.0.tgz#e4821beef5b2142a2026bd73926fe537631c5405"
    integrity sha1-5IIb7vWyFCogJr1zkm/lN2McVAU=
    dependencies:
      agent-base "4"
      debug "3.1.0"
  
  https-proxy-agent@^2.2.4:
    version "2.2.4"
    resolved "https://registry.npm.taobao.org/https-proxy-agent/download/https-proxy-agent-2.2.4.tgz?cache=0&sync_timestamp=1581106803611&other_urls=https%3A%2F%2Fregistry.npm.taobao.org%2Fhttps-proxy-agent%2Fdownload%2Fhttps-proxy-agent-2.2.4.tgz#4ee7a737abd92678a293d9b34a1af4d0d08c787b"
    integrity sha1-TuenN6vZJniik9mzShr00NCMeHs=
    dependencies:
      agent-base "^4.3.0"
      debug "^3.1.0"
  
  human-signals@^1.1.1:
    version "1.1.1"
    resolved "https://registry.npm.taobao.org/human-signals/download/human-signals-1.1.1.tgz?cache=0&sync_timestamp=1577290400756&other_urls=https%3A%2F%2Fregistry.npm.taobao.org%2Fhuman-signals%2Fdownload%2Fhuman-signals-1.1.1.tgz#c5b1cd14f50aeae09ab6c59fe63ba3395fe4dfa3"
    integrity sha1-xbHNFPUK6uCatsWf5jujOV/k36M=
  
  iconv-lite@^0.4.24:
    version "0.4.24"
    resolved "https://registry.npm.taobao.org/iconv-lite/download/iconv-lite-0.4.24.tgz?cache=0&sync_timestamp=1579333981154&other_urls=https%3A%2F%2Fregistry.npm.taobao.org%2Ficonv-lite%2Fdownload%2Ficonv-lite-0.4.24.tgz#2022b4b25fbddc21d2f524974a474aafe733908b"
    integrity sha1-ICK0sl+93CHS9SSXSkdKr+czkIs=
    dependencies:
      safer-buffer ">= 2.1.2 < 3"
  
  ignore@^4.0.6:
    version "4.0.6"
    resolved "https://registry.npm.taobao.org/ignore/download/ignore-4.0.6.tgz#750e3db5862087b4737ebac8207ffd1ef27b25fc"
    integrity sha1-dQ49tYYgh7RzfrrIIH/9HvJ7Jfw=
  
  import-fresh@^3.0.0:
    version "3.2.1"
    resolved "https://registry.npm.taobao.org/import-fresh/download/import-fresh-3.2.1.tgz#633ff618506e793af5ac91bf48b72677e15cbe66"
    integrity sha1-Yz/2GFBueTr1rJG/SLcmd+FcvmY=
    dependencies:
      parent-module "^1.0.0"
      resolve-from "^4.0.0"
  
  imurmurhash@^0.1.4:
    version "0.1.4"
    resolved "https://registry.npm.taobao.org/imurmurhash/download/imurmurhash-0.1.4.tgz#9218b9b2b928a238b13dc4fb6b6d576f231453ea"
    integrity sha1-khi5srkoojixPcT7a21XbyMUU+o=
  
  inflight@^1.0.4:
    version "1.0.6"
    resolved "https://registry.npm.taobao.org/inflight/download/inflight-1.0.6.tgz#49bd6331d7d02d0c09bc910a1075ba8165b56df9"
    integrity sha1-Sb1jMdfQLQwJvJEKEHW6gWW1bfk=
    dependencies:
      once "^1.3.0"
      wrappy "1"
  
  inherits@2:
    version "2.0.4"
    resolved "https://registry.npm.taobao.org/inherits/download/inherits-2.0.4.tgz#0fa2c64f932917c3433a0ded55363aae37416b7c"
    integrity sha1-D6LGT5MpF8NDOg3tVTY6rjdBa3w=
  
  inquirer@^7.0.0:
    version "7.0.6"
    resolved "https://registry.npm.taobao.org/inquirer/download/inquirer-7.0.6.tgz?cache=0&sync_timestamp=1583328105956&other_urls=https%3A%2F%2Fregistry.npm.taobao.org%2Finquirer%2Fdownload%2Finquirer-7.0.6.tgz#ee4ff0ea7ecda5324656fe665878790f66df7d0c"
    integrity sha1-7k/w6n7NpTJGVv5mWHh5D2bffQw=
    dependencies:
      ansi-escapes "^4.2.1"
      chalk "^3.0.0"
      cli-cursor "^3.1.0"
      cli-width "^2.0.0"
      external-editor "^3.0.3"
      figures "^3.0.0"
      lodash "^4.17.15"
      mute-stream "0.0.8"
      run-async "^2.4.0"
      rxjs "^6.5.3"
      string-width "^4.1.0"
      strip-ansi "^6.0.0"
      through "^2.3.6"
  
  is-binary-path@~2.1.0:
    version "2.1.0"
    resolved "https://registry.npm.taobao.org/is-binary-path/download/is-binary-path-2.1.0.tgz#ea1f7f3b80f064236e83470f86c09c254fb45b09"
    integrity sha1-6h9/O4DwZCNug0cPhsCcJU+0Wwk=
    dependencies:
      binary-extensions "^2.0.0"
  
  is-buffer@~2.0.3:
    version "2.0.4"
    resolved "https://registry.npm.taobao.org/is-buffer/download/is-buffer-2.0.4.tgz#3e572f23c8411a5cfd9557c849e3665e0b290623"
    integrity sha1-PlcvI8hBGlz9lVfISeNmXgspBiM=
  
  is-callable@^1.1.4, is-callable@^1.1.5:
    version "1.1.5"
    resolved "https://registry.npm.taobao.org/is-callable/download/is-callable-1.1.5.tgz#f7e46b596890456db74e7f6e976cb3273d06faab"
    integrity sha1-9+RrWWiQRW23Tn9ul2yzJz0G+qs=
  
  is-date-object@^1.0.1:
    version "1.0.2"
    resolved "https://registry.npm.taobao.org/is-date-object/download/is-date-object-1.0.2.tgz?cache=0&sync_timestamp=1576729165697&other_urls=https%3A%2F%2Fregistry.npm.taobao.org%2Fis-date-object%2Fdownload%2Fis-date-object-1.0.2.tgz#bda736f2cd8fd06d32844e7743bfa7494c3bfd7e"
    integrity sha1-vac28s2P0G0yhE53Q7+nSUw7/X4=
  
  is-docker@^2.0.0:
    version "2.0.0"
    resolved "https://registry.npm.taobao.org/is-docker/download/is-docker-2.0.0.tgz#2cb0df0e75e2d064fe1864c37cdeacb7b2dcf25b"
    integrity sha1-LLDfDnXi0GT+GGTDfN6st7Lc8ls=
  
  is-extglob@^2.1.1:
    version "2.1.1"
    resolved "https://registry.npm.taobao.org/is-extglob/download/is-extglob-2.1.1.tgz#a88c02535791f02ed37c76a1b9ea9773c833f8c2"
    integrity sha1-qIwCU1eR8C7TfHahueqXc8gz+MI=
  
  is-fullwidth-code-point@^2.0.0:
    version "2.0.0"
    resolved "https://registry.npm.taobao.org/is-fullwidth-code-point/download/is-fullwidth-code-point-2.0.0.tgz#a3b30a5c4f199183167aaab93beefae3ddfb654f"
    integrity sha1-o7MKXE8ZkYMWeqq5O+764937ZU8=
  
  is-fullwidth-code-point@^3.0.0:
    version "3.0.0"
    resolved "https://registry.npm.taobao.org/is-fullwidth-code-point/download/is-fullwidth-code-point-3.0.0.tgz#f116f8064fe90b3f7844a38997c0b75051269f1d"
    integrity sha1-8Rb4Bk/pCz94RKOJl8C3UFEmnx0=
  
  is-glob@^4.0.0, is-glob@^4.0.1, is-glob@~4.0.1:
    version "4.0.1"
    resolved "https://registry.npm.taobao.org/is-glob/download/is-glob-4.0.1.tgz#7567dbe9f2f5e2467bc77ab83c4a29482407a5dc"
    integrity sha1-dWfb6fL14kZ7x3q4PEopSCQHpdw=
    dependencies:
      is-extglob "^2.1.1"
  
  is-number@^7.0.0:
    version "7.0.0"
    resolved "https://registry.npm.taobao.org/is-number/download/is-number-7.0.0.tgz#7535345b896734d5f80c4d06c50955527a14f12b"
    integrity sha1-dTU0W4lnNNX4DE0GxQlVUnoU8Ss=
  
  is-promise@^2.1.0:
    version "2.1.0"
    resolved "https://registry.npm.taobao.org/is-promise/download/is-promise-2.1.0.tgz#79a2a9ece7f096e80f36d2b2f3bc16c1ff4bf3fa"
    integrity sha1-eaKp7OfwlugPNtKy87wWwf9L8/o=
  
  is-regex@^1.0.5:
    version "1.0.5"
    resolved "https://registry.npm.taobao.org/is-regex/download/is-regex-1.0.5.tgz#39d589a358bf18967f726967120b8fc1aed74eae"
    integrity sha1-OdWJo1i/GJZ/cmlnEguPwa7XTq4=
    dependencies:
      has "^1.0.3"
  
  is-stream@^2.0.0:
    version "2.0.0"
    resolved "https://registry.npm.taobao.org/is-stream/download/is-stream-2.0.0.tgz#bde9c32680d6fae04129d6ac9d921ce7815f78e3"
    integrity sha1-venDJoDW+uBBKdasnZIc54FfeOM=
  
  is-symbol@^1.0.2:
    version "1.0.3"
    resolved "https://registry.npm.taobao.org/is-symbol/download/is-symbol-1.0.3.tgz#38e1014b9e6329be0de9d24a414fd7441ec61937"
    integrity sha1-OOEBS55jKb4N6dJKQU/XRB7GGTc=
    dependencies:
      has-symbols "^1.0.1"
  
  is-wsl@^2.1.1:
    version "2.1.1"
    resolved "https://registry.npm.taobao.org/is-wsl/download/is-wsl-2.1.1.tgz?cache=0&sync_timestamp=1569219566107&other_urls=https%3A%2F%2Fregistry.npm.taobao.org%2Fis-wsl%2Fdownload%2Fis-wsl-2.1.1.tgz#4a1c152d429df3d441669498e2486d3596ebaf1d"
    integrity sha1-ShwVLUKd89RBZpSY4khtNZbrrx0=
  
  isexe@^2.0.0:
    version "2.0.0"
    resolved "https://registry.npm.taobao.org/isexe/download/isexe-2.0.0.tgz#e8fbf374dc556ff8947a10dcb0572d633f2cfa10"
    integrity sha1-6PvzdNxVb/iUehDcsFctYz8s+hA=
  
  js-tokens@^4.0.0:
    version "4.0.0"
    resolved "https://registry.npm.taobao.org/js-tokens/download/js-tokens-4.0.0.tgz#19203fb59991df98e3a287050d4647cdeaf32499"
    integrity sha1-GSA/tZmR35jjoocFDUZHzerzJJk=
  
  js-yaml@3.13.1, js-yaml@^3.13.1:
    version "3.13.1"
    resolved "https://registry.npm.taobao.org/js-yaml/download/js-yaml-3.13.1.tgz#aff151b30bfdfa8e49e05da22e7415e9dfa37847"
    integrity sha1-r/FRswv9+o5J4F2iLnQV6d+jeEc=
    dependencies:
      argparse "^1.0.7"
      esprima "^4.0.0"
  
  json-schema-traverse@^0.4.1:
    version "0.4.1"
    resolved "https://registry.npm.taobao.org/json-schema-traverse/download/json-schema-traverse-0.4.1.tgz#69f6a87d9513ab8bb8fe63bdb0979c448e684660"
    integrity sha1-afaofZUTq4u4/mO9sJecRI5oRmA=
  
  json-stable-stringify-without-jsonify@^1.0.1:
    version "1.0.1"
    resolved "https://registry.npm.taobao.org/json-stable-stringify-without-jsonify/download/json-stable-stringify-without-jsonify-1.0.1.tgz#9db7b59496ad3f3cfef30a75142d2d930ad72651"
    integrity sha1-nbe1lJatPzz+8wp1FC0tkwrXJlE=
  
  levn@^0.3.0, levn@~0.3.0:
    version "0.3.0"
    resolved "https://registry.npm.taobao.org/levn/download/levn-0.3.0.tgz#3b09924edf9f083c0490fdd4c0bc4421e04764ee"
    integrity sha1-OwmSTt+fCDwEkP3UwLxEIeBHZO4=
    dependencies:
      prelude-ls "~1.1.2"
      type-check "~0.3.2"
  
  linebyline@^1.3.0:
    version "1.3.0"
    resolved "https://registry.npm.taobao.org/linebyline/download/linebyline-1.3.0.tgz#6ef54ceab832d23f7841ed2f296fe9b2f6dade94"
    integrity sha1-bvVM6rgy0j94Qe0vKW/psvba3pQ=
  
  locate-path@^3.0.0:
    version "3.0.0"
    resolved "https://registry.npm.taobao.org/locate-path/download/locate-path-3.0.0.tgz#dbec3b3ab759758071b58fe59fc41871af21400e"
    integrity sha1-2+w7OrdZdYBxtY/ln8QYca8hQA4=
    dependencies:
      p-locate "^3.0.0"
      path-exists "^3.0.0"
  
  lodash@^4.17.14, lodash@^4.17.15:
    version "4.17.15"
    resolved "https://registry.npm.taobao.org/lodash/download/lodash-4.17.15.tgz?cache=0&sync_timestamp=1571657272199&other_urls=https%3A%2F%2Fregistry.npm.taobao.org%2Flodash%2Fdownload%2Flodash-4.17.15.tgz#b447f6670a0455bbfeedd11392eff330ea097548"
    integrity sha1-tEf2ZwoEVbv+7dETku/zMOoJdUg=
  
  log-symbols@3.0.0:
    version "3.0.0"
    resolved "https://registry.npm.taobao.org/log-symbols/download/log-symbols-3.0.0.tgz#f3a08516a5dea893336a7dee14d18a1cfdab77c4"
    integrity sha1-86CFFqXeqJMzan3uFNGKHP2rd8Q=
    dependencies:
      chalk "^2.4.2"
  
  merge-stream@^2.0.0:
    version "2.0.0"
    resolved "https://registry.npm.taobao.org/merge-stream/download/merge-stream-2.0.0.tgz#52823629a14dd00c9770fb6ad47dc6310f2c1f60"
    integrity sha1-UoI2KaFN0AyXcPtq1H3GMQ8sH2A=
  
  mimic-fn@^2.1.0:
    version "2.1.0"
    resolved "https://registry.npm.taobao.org/mimic-fn/download/mimic-fn-2.1.0.tgz#7ed2c2ccccaf84d3ffcb7a69b57711fc2083401b"
    integrity sha1-ftLCzMyvhNP/y3pptXcR/CCDQBs=
  
  minimatch@3.0.4, minimatch@^3.0.4:
    version "3.0.4"
    resolved "https://registry.npm.taobao.org/minimatch/download/minimatch-3.0.4.tgz#5166e286457f03306064be5497e8dbb0c3d32083"
    integrity sha1-UWbihkV/AzBgZL5Ul+jbsMPTIIM=
    dependencies:
      brace-expansion "^1.1.7"
  
  minimist@0.0.8:
    version "0.0.8"
    resolved "https://registry.npm.taobao.org/minimist/download/minimist-0.0.8.tgz#857fcabfc3397d2625b8228262e86aa7a011b05d"
    integrity sha1-hX/Kv8M5fSYluCKCYuhqp6ARsF0=
  
  mkdirp@0.5.1, mkdirp@^0.5.1:
    version "0.5.1"
    resolved "https://registry.npm.taobao.org/mkdirp/download/mkdirp-0.5.1.tgz?cache=0&sync_timestamp=1579899671093&other_urls=https%3A%2F%2Fregistry.npm.taobao.org%2Fmkdirp%2Fdownload%2Fmkdirp-0.5.1.tgz#30057438eac6cf7f8c4767f38648d6697d75c903"
    integrity sha1-MAV0OOrGz3+MR2fzhkjWaX11yQM=
    dependencies:
      minimist "0.0.8"
  
  mocha@^7.0.1:
    version "7.1.0"
    resolved "https://registry.npm.taobao.org/mocha/download/mocha-7.1.0.tgz#c784f579ad0904d29229ad6cb1e2514e4db7d249"
    integrity sha1-x4T1ea0JBNKSKa1sseJRTk230kk=
    dependencies:
      ansi-colors "3.2.3"
      browser-stdout "1.3.1"
      chokidar "3.3.0"
      debug "3.2.6"
      diff "3.5.0"
      escape-string-regexp "1.0.5"
      find-up "3.0.0"
      glob "7.1.3"
      growl "1.10.5"
      he "1.2.0"
      js-yaml "3.13.1"
      log-symbols "3.0.0"
      minimatch "3.0.4"
      mkdirp "0.5.1"
      ms "2.1.1"
      node-environment-flags "1.0.6"
      object.assign "4.1.0"
      strip-json-comments "2.0.1"
      supports-color "6.0.0"
      which "1.3.1"
      wide-align "1.1.3"
      yargs "13.3.0"
      yargs-parser "13.1.1"
      yargs-unparser "1.6.0"
  
  ms@2.0.0:
    version "2.0.0"
    resolved "https://registry.npm.taobao.org/ms/download/ms-2.0.0.tgz#5608aeadfc00be6c2901df5f9861788de0d597c8"
    integrity sha1-VgiurfwAvmwpAd9fmGF4jeDVl8g=
  
  ms@2.1.1:
    version "2.1.1"
    resolved "https://registry.npm.taobao.org/ms/download/ms-2.1.1.tgz#30a5864eb3ebb0a66f2ebe6d727af06a09d86e0a"
    integrity sha1-MKWGTrPrsKZvLr5tcnrwagnYbgo=
  
  ms@^2.1.1:
    version "2.1.2"
    resolved "https://registry.npm.taobao.org/ms/download/ms-2.1.2.tgz#d09d1f357b443f493382a8eb3ccd183872ae6009"
    integrity sha1-0J0fNXtEP0kzgqjrPM0YOHKuYAk=
  
  mute-stream@0.0.8:
    version "0.0.8"
    resolved "https://registry.npm.taobao.org/mute-stream/download/mute-stream-0.0.8.tgz#1630c42b2251ff81e2a283de96a5497ea92e5e0d"
    integrity sha1-FjDEKyJR/4HiooPelqVJfqkuXg0=
  
  natural-compare@^1.4.0:
    version "1.4.0"
    resolved "https://registry.npm.taobao.org/natural-compare/download/natural-compare-1.4.0.tgz#4abebfeed7541f2c27acfb29bdbbd15c8d5ba4f7"
    integrity sha1-Sr6/7tdUHywnrPspvbvRXI1bpPc=
  
  nice-try@^1.0.4:
    version "1.0.5"
    resolved "https://registry.npm.taobao.org/nice-try/download/nice-try-1.0.5.tgz#a3378a7696ce7d223e88fc9b764bd7ef1089e366"
    integrity sha1-ozeKdpbOfSI+iPybdkvX7xCJ42Y=
  
  node-environment-flags@1.0.6:
    version "1.0.6"
    resolved "https://registry.npm.taobao.org/node-environment-flags/download/node-environment-flags-1.0.6.tgz#a30ac13621f6f7d674260a54dede048c3982c088"
    integrity sha1-owrBNiH299Z0JgpU3t4EjDmCwIg=
    dependencies:
      object.getownpropertydescriptors "^2.0.3"
      semver "^5.7.0"
  
  normalize-path@^3.0.0, normalize-path@~3.0.0:
    version "3.0.0"
    resolved "https://registry.npm.taobao.org/normalize-path/download/normalize-path-3.0.0.tgz#0dcd69ff23a1c9b11fd0978316644a0388216a65"
    integrity sha1-Dc1p/yOhybEf0JeDFmRKA4ghamU=
  
  npm-run-path@^4.0.0:
    version "4.0.1"
    resolved "https://registry.npm.taobao.org/npm-run-path/download/npm-run-path-4.0.1.tgz?cache=0&other_urls=https%3A%2F%2Fregistry.npm.taobao.org%2Fnpm-run-path%2Fdownload%2Fnpm-run-path-4.0.1.tgz#b7ecd1e5ed53da8e37a55e1c2269e0b97ed748ea"
    integrity sha1-t+zR5e1T2o43pV4cImnguX7XSOo=
    dependencies:
      path-key "^3.0.0"
  
  object-inspect@^1.7.0:
    version "1.7.0"
    resolved "https://registry.npm.taobao.org/object-inspect/download/object-inspect-1.7.0.tgz#f4f6bd181ad77f006b5ece60bd0b6f398ff74a67"
    integrity sha1-9Pa9GBrXfwBrXs5gvQtvOY/3Smc=
  
  object-keys@^1.0.11, object-keys@^1.0.12, object-keys@^1.1.1:
    version "1.1.1"
    resolved "https://registry.npm.taobao.org/object-keys/download/object-keys-1.1.1.tgz#1c47f272df277f3b1daf061677d9c82e2322c60e"
    integrity sha1-HEfyct8nfzsdrwYWd9nILiMixg4=
  
  object.assign@4.1.0, object.assign@^4.1.0:
    version "4.1.0"
    resolved "https://registry.npm.taobao.org/object.assign/download/object.assign-4.1.0.tgz#968bf1100d7956bb3ca086f006f846b3bc4008da"
    integrity sha1-lovxEA15Vrs8oIbwBvhGs7xACNo=
    dependencies:
      define-properties "^1.1.2"
      function-bind "^1.1.1"
      has-symbols "^1.0.0"
      object-keys "^1.0.11"
  
  object.getownpropertydescriptors@^2.0.3:
    version "2.1.0"
    resolved "https://registry.npm.taobao.org/object.getownpropertydescriptors/download/object.getownpropertydescriptors-2.1.0.tgz#369bf1f9592d8ab89d712dced5cb81c7c5352649"
    integrity sha1-Npvx+VktiridcS3O1cuBx8U1Jkk=
    dependencies:
      define-properties "^1.1.3"
      es-abstract "^1.17.0-next.1"
  
  once@^1.3.0, once@^1.3.1, once@^1.4.0:
    version "1.4.0"
    resolved "https://registry.npm.taobao.org/once/download/once-1.4.0.tgz#583b1aa775961d4b113ac17d9c50baef9dd76bd1"
    integrity sha1-WDsap3WWHUsROsF9nFC6753Xa9E=
    dependencies:
      wrappy "1"
  
  onetime@^5.1.0:
    version "5.1.0"
    resolved "https://registry.npm.taobao.org/onetime/download/onetime-5.1.0.tgz#fff0f3c91617fe62bb50189636e99ac8a6df7be5"
    integrity sha1-//DzyRYX/mK7UBiWNumayKbfe+U=
    dependencies:
      mimic-fn "^2.1.0"
  
  open@^7.0.2:
    version "7.0.2"
    resolved "https://registry.npm.taobao.org/open/download/open-7.0.2.tgz#fb3681f11f157f2361d2392307548ca1792960e8"
    integrity sha1-+zaB8R8VfyNh0jkjB1SMoXkpYOg=
    dependencies:
      is-docker "^2.0.0"
      is-wsl "^2.1.1"
  
  optionator@^0.8.3:
    version "0.8.3"
    resolved "https://registry.npm.taobao.org/optionator/download/optionator-0.8.3.tgz?cache=0&sync_timestamp=1573078174520&other_urls=https%3A%2F%2Fregistry.npm.taobao.org%2Foptionator%2Fdownload%2Foptionator-0.8.3.tgz#84fa1d036fe9d3c7e21d99884b601167ec8fb495"
    integrity sha1-hPodA2/p08fiHZmIS2ARZ+yPtJU=
    dependencies:
      deep-is "~0.1.3"
      fast-levenshtein "~2.0.6"
      levn "~0.3.0"
      prelude-ls "~1.1.2"
      type-check "~0.3.2"
      word-wrap "~1.2.3"
  
  os-tmpdir@~1.0.2:
    version "1.0.2"
    resolved "https://registry.npm.taobao.org/os-tmpdir/download/os-tmpdir-1.0.2.tgz#bbe67406c79aa85c5cfec766fe5734555dfa1274"
    integrity sha1-u+Z0BseaqFxc/sdm/lc0VV36EnQ=
  
  p-limit@^2.0.0:
    version "2.2.2"
    resolved "https://registry.npm.taobao.org/p-limit/download/p-limit-2.2.2.tgz#61279b67721f5287aa1c13a9a7fbbc48c9291b1e"
    integrity sha1-YSebZ3IfUoeqHBOpp/u8SMkpGx4=
    dependencies:
      p-try "^2.0.0"
  
  p-locate@^3.0.0:
    version "3.0.0"
    resolved "https://registry.npm.taobao.org/p-locate/download/p-locate-3.0.0.tgz#322d69a05c0264b25997d9f40cd8a891ab0064a4"
    integrity sha1-Mi1poFwCZLJZl9n0DNiokasAZKQ=
    dependencies:
      p-limit "^2.0.0"
  
  p-try@^2.0.0:
    version "2.2.0"
    resolved "https://registry.npm.taobao.org/p-try/download/p-try-2.2.0.tgz#cb2868540e313d61de58fafbe35ce9004d5540e6"
    integrity sha1-yyhoVA4xPWHeWPr741zpAE1VQOY=
  
  parent-module@^1.0.0:
    version "1.0.1"
    resolved "https://registry.npm.taobao.org/parent-module/download/parent-module-1.0.1.tgz#691d2709e78c79fae3a156622452d00762caaaa2"
    integrity sha1-aR0nCeeMefrjoVZiJFLQB2LKqqI=
    dependencies:
      callsites "^3.0.0"
  
  path-exists@^3.0.0:
    version "3.0.0"
    resolved "https://registry.npm.taobao.org/path-exists/download/path-exists-3.0.0.tgz#ce0ebeaa5f78cb18925ea7d810d7b59b010fd515"
    integrity sha1-zg6+ql94yxiSXqfYENe1mwEP1RU=
  
  path-is-absolute@^1.0.0:
    version "1.0.1"
    resolved "https://registry.npm.taobao.org/path-is-absolute/download/path-is-absolute-1.0.1.tgz#174b9268735534ffbc7ace6bf53a5a9e1b5c5f5f"
    integrity sha1-F0uSaHNVNP+8es5r9TpanhtcX18=
  
  path-key@^2.0.1:
    version "2.0.1"
    resolved "https://registry.npm.taobao.org/path-key/download/path-key-2.0.1.tgz#411cadb574c5a140d3a4b1910d40d80cc9f40b40"
    integrity sha1-QRyttXTFoUDTpLGRDUDYDMn0C0A=
  
  path-key@^3.0.0, path-key@^3.1.0:
    version "3.1.1"
    resolved "https://registry.npm.taobao.org/path-key/download/path-key-3.1.1.tgz?cache=0&sync_timestamp=1574441322626&other_urls=https%3A%2F%2Fregistry.npm.taobao.org%2Fpath-key%2Fdownload%2Fpath-key-3.1.1.tgz#581f6ade658cbba65a0d3380de7753295054f375"
    integrity sha1-WB9q3mWMu6ZaDTOA3ndTKVBU83U=
  
  picomatch@^2.0.4:
    version "2.2.1"
    resolved "https://registry.npm.taobao.org/picomatch/download/picomatch-2.2.1.tgz#21bac888b6ed8601f831ce7816e335bc779f0a4a"
    integrity sha1-IbrIiLbthgH4Mc54FuM1vHefCko=
  
  prelude-ls@~1.1.2:
    version "1.1.2"
    resolved "https://registry.npm.taobao.org/prelude-ls/download/prelude-ls-1.1.2.tgz#21932a549f5e52ffd9a827f570e04be62a97da54"
    integrity sha1-IZMqVJ9eUv/ZqCf1cOBL5iqX2lQ=
  
  progress@^2.0.0:
    version "2.0.3"
    resolved "https://registry.npm.taobao.org/progress/download/progress-2.0.3.tgz#7e8cf8d8f5b8f239c1bc68beb4eb78567d572ef8"
    integrity sha1-foz42PW48jnBvGi+tOt4Vn1XLvg=
  
  pump@^3.0.0:
    version "3.0.0"
    resolved "https://registry.npm.taobao.org/pump/download/pump-3.0.0.tgz#b4a2116815bde2f4e1ea602354e8c75565107a64"
    integrity sha1-tKIRaBW94vTh6mAjVOjHVWUQemQ=
    dependencies:
      end-of-stream "^1.1.0"
      once "^1.3.1"
  
  punycode@^2.1.0:
    version "2.1.1"
    resolved "https://registry.npm.taobao.org/punycode/download/punycode-2.1.1.tgz#b58b010ac40c22c5657616c8d2c2c02c7bf479ec"
    integrity sha1-tYsBCsQMIsVldhbI0sLALHv0eew=
  
  readdirp@~3.2.0:
    version "3.2.0"
    resolved "https://registry.npm.taobao.org/readdirp/download/readdirp-3.2.0.tgz?cache=0&sync_timestamp=1575629866543&other_urls=https%3A%2F%2Fregistry.npm.taobao.org%2Freaddirp%2Fdownload%2Freaddirp-3.2.0.tgz#c30c33352b12c96dfb4b895421a49fd5a9593839"
    integrity sha1-wwwzNSsSyW37S4lUIaSf1alZODk=
    dependencies:
      picomatch "^2.0.4"
  
  regexpp@^2.0.1:
    version "2.0.1"
    resolved "https://registry.npm.taobao.org/regexpp/download/regexpp-2.0.1.tgz#8d19d31cf632482b589049f8281f93dbcba4d07f"
    integrity sha1-jRnTHPYySCtYkEn4KB+T28uk0H8=
  
  regexpp@^3.0.0:
    version "3.0.0"
    resolved "https://registry.npm.taobao.org/regexpp/download/regexpp-3.0.0.tgz#dd63982ee3300e67b41c1956f850aa680d9d330e"
    integrity sha1-3WOYLuMwDme0HBlW+FCqaA2dMw4=
  
  require-directory@^2.1.1:
    version "2.1.1"
    resolved "https://registry.npm.taobao.org/require-directory/download/require-directory-2.1.1.tgz#8c64ad5fd30dab1c976e2344ffe7f792a6a6df42"
    integrity sha1-jGStX9MNqxyXbiNE/+f3kqam30I=
  
  require-main-filename@^2.0.0:
    version "2.0.0"
    resolved "https://registry.npm.taobao.org/require-main-filename/download/require-main-filename-2.0.0.tgz#d0b329ecc7cc0f61649f62215be69af54aa8989b"
    integrity sha1-0LMp7MfMD2Fkn2IhW+aa9UqomJs=
  
  resolve-from@^4.0.0:
    version "4.0.0"
    resolved "https://registry.npm.taobao.org/resolve-from/download/resolve-from-4.0.0.tgz#4abcd852ad32dd7baabfe9b40e00a36db5f392e6"
    integrity sha1-SrzYUq0y3Xuqv+m0DgCjbbXzkuY=
  
  restore-cursor@^3.1.0:
    version "3.1.0"
    resolved "https://registry.npm.taobao.org/restore-cursor/download/restore-cursor-3.1.0.tgz#39f67c54b3a7a58cea5236d95cf0034239631f7e"
    integrity sha1-OfZ8VLOnpYzqUjbZXPADQjljH34=
    dependencies:
      onetime "^5.1.0"
      signal-exit "^3.0.2"
  
  rimraf@2.6.3:
    version "2.6.3"
    resolved "https://registry.npm.taobao.org/rimraf/download/rimraf-2.6.3.tgz?cache=0&sync_timestamp=1581229865753&other_urls=https%3A%2F%2Fregistry.npm.taobao.org%2Frimraf%2Fdownload%2Frimraf-2.6.3.tgz#b2d104fe0d8fb27cf9e0a1cda8262dd3833c6cab"
    integrity sha1-stEE/g2Psnz54KHNqCYt04M8bKs=
    dependencies:
      glob "^7.1.3"
  
  rimraf@^2.6.3:
    version "2.7.1"
    resolved "https://registry.npm.taobao.org/rimraf/download/rimraf-2.7.1.tgz?cache=0&sync_timestamp=1581229865753&other_urls=https%3A%2F%2Fregistry.npm.taobao.org%2Frimraf%2Fdownload%2Frimraf-2.7.1.tgz#35797f13a7fdadc566142c29d4f07ccad483e3ec"
    integrity sha1-NXl/E6f9rcVmFCwp1PB8ytSD4+w=
    dependencies:
      glob "^7.1.3"
  
  run-async@^2.4.0:
    version "2.4.0"
    resolved "https://registry.npm.taobao.org/run-async/download/run-async-2.4.0.tgz#e59054a5b86876cfae07f431d18cbaddc594f1e8"
    integrity sha1-5ZBUpbhods+uB/Qx0Yy63cWU8eg=
    dependencies:
      is-promise "^2.1.0"
  
  rxjs@^6.5.3:
    version "6.5.4"
    resolved "https://registry.npm.taobao.org/rxjs/download/rxjs-6.5.4.tgz#e0777fe0d184cec7872df147f303572d414e211c"
    integrity sha1-4Hd/4NGEzseHLfFH8wNXLUFOIRw=
    dependencies:
      tslib "^1.9.0"
  
  "safer-buffer@>= 2.1.2 < 3":
    version "2.1.2"
    resolved "https://registry.npm.taobao.org/safer-buffer/download/safer-buffer-2.1.2.tgz#44fa161b0187b9549dd84bb91802f9bd8385cd6a"
    integrity sha1-RPoWGwGHuVSd2Eu5GAL5vYOFzWo=
  
  semver@^5.5.0, semver@^5.7.0:
    version "5.7.1"
    resolved "https://registry.npm.taobao.org/semver/download/semver-5.7.1.tgz?cache=0&sync_timestamp=1581458063470&other_urls=https%3A%2F%2Fregistry.npm.taobao.org%2Fsemver%2Fdownload%2Fsemver-5.7.1.tgz#a954f931aeba508d307bbf069eff0c01c96116f7"
    integrity sha1-qVT5Ma66UI0we78Gnv8MAclhFvc=
  
  semver@^6.1.2, semver@^6.3.0:
    version "6.3.0"
    resolved "https://registry.npm.taobao.org/semver/download/semver-6.3.0.tgz?cache=0&sync_timestamp=1581458063470&other_urls=https%3A%2F%2Fregistry.npm.taobao.org%2Fsemver%2Fdownload%2Fsemver-6.3.0.tgz#ee0a64c8af5e8ceea67687b133761e1becbd1d3d"
    integrity sha1-7gpkyK9ejO6mdoexM3YeG+y9HT0=
  
  set-blocking@^2.0.0:
    version "2.0.0"
    resolved "https://registry.npm.taobao.org/set-blocking/download/set-blocking-2.0.0.tgz#045f9782d011ae9a6803ddd382b24392b3d890f7"
    integrity sha1-BF+XgtARrppoA93TgrJDkrPYkPc=
  
  shebang-command@^1.2.0:
    version "1.2.0"
    resolved "https://registry.npm.taobao.org/shebang-command/download/shebang-command-1.2.0.tgz#44aac65b695b03398968c39f363fee5deafdf1ea"
    integrity sha1-RKrGW2lbAzmJaMOfNj/uXer98eo=
    dependencies:
      shebang-regex "^1.0.0"
  
  shebang-command@^2.0.0:
    version "2.0.0"
    resolved "https://registry.npm.taobao.org/shebang-command/download/shebang-command-2.0.0.tgz#ccd0af4f8835fbdc265b82461aaf0c36663f34ea"
    integrity sha1-zNCvT4g1+9wmW4JGGq8MNmY/NOo=
    dependencies:
      shebang-regex "^3.0.0"
  
  shebang-regex@^1.0.0:
    version "1.0.0"
    resolved "https://registry.npm.taobao.org/shebang-regex/download/shebang-regex-1.0.0.tgz#da42f49740c0b42db2ca9728571cb190c98efea3"
    integrity sha1-2kL0l0DAtC2yypcoVxyxkMmO/qM=
  
  shebang-regex@^3.0.0:
    version "3.0.0"
    resolved "https://registry.npm.taobao.org/shebang-regex/download/shebang-regex-3.0.0.tgz#ae16f1644d873ecad843b0307b143362d4c42172"
    integrity sha1-rhbxZE2HPsrYQ7AwexQzYtTEIXI=
  
  signal-exit@^3.0.2:
    version "3.0.2"
    resolved "https://registry.npm.taobao.org/signal-exit/download/signal-exit-3.0.2.tgz#b5fdc08f1287ea1178628e415e25132b73646c6d"
    integrity sha1-tf3AjxKH6hF4Yo5BXiUTK3NkbG0=
  
  slice-ansi@^2.1.0:
    version "2.1.0"
    resolved "https://registry.npm.taobao.org/slice-ansi/download/slice-ansi-2.1.0.tgz#cacd7693461a637a5788d92a7dd4fba068e81636"
    integrity sha1-ys12k0YaY3pXiNkqfdT7oGjoFjY=
    dependencies:
      ansi-styles "^3.2.0"
      astral-regex "^1.0.0"
      is-fullwidth-code-point "^2.0.0"
  
  sprintf-js@~1.0.2:
    version "1.0.3"
    resolved "https://registry.npm.taobao.org/sprintf-js/download/sprintf-js-1.0.3.tgz#04e6926f662895354f3dd015203633b857297e2c"
    integrity sha1-BOaSb2YolTVPPdAVIDYzuFcpfiw=
  
  "string-width@^1.0.2 || 2":
    version "2.1.1"
    resolved "https://registry.npm.taobao.org/string-width/download/string-width-2.1.1.tgz#ab93f27a8dc13d28cac815c462143a6d9012ae9e"
    integrity sha1-q5Pyeo3BPSjKyBXEYhQ6bZASrp4=
    dependencies:
      is-fullwidth-code-point "^2.0.0"
      strip-ansi "^4.0.0"
  
  string-width@^3.0.0, string-width@^3.1.0:
    version "3.1.0"
    resolved "https://registry.npm.taobao.org/string-width/download/string-width-3.1.0.tgz#22767be21b62af1081574306f69ac51b62203961"
    integrity sha1-InZ74htirxCBV0MG9prFG2IgOWE=
    dependencies:
      emoji-regex "^7.0.1"
      is-fullwidth-code-point "^2.0.0"
      strip-ansi "^5.1.0"
  
  string-width@^4.1.0:
    version "4.2.0"
    resolved "https://registry.npm.taobao.org/string-width/download/string-width-4.2.0.tgz#952182c46cc7b2c313d1596e623992bd163b72b5"
    integrity sha1-lSGCxGzHssMT0VluYjmSvRY7crU=
    dependencies:
      emoji-regex "^8.0.0"
      is-fullwidth-code-point "^3.0.0"
      strip-ansi "^6.0.0"
  
  string.prototype.trimleft@^2.1.1:
    version "2.1.1"
    resolved "https://registry.npm.taobao.org/string.prototype.trimleft/download/string.prototype.trimleft-2.1.1.tgz?cache=0&sync_timestamp=1576706744979&other_urls=https%3A%2F%2Fregistry.npm.taobao.org%2Fstring.prototype.trimleft%2Fdownload%2Fstring.prototype.trimleft-2.1.1.tgz#9bdb8ac6abd6d602b17a4ed321870d2f8dcefc74"
    integrity sha1-m9uKxqvW1gKxek7TIYcNL43O/HQ=
    dependencies:
      define-properties "^1.1.3"
      function-bind "^1.1.1"
  
  string.prototype.trimright@^2.1.1:
    version "2.1.1"
    resolved "https://registry.npm.taobao.org/string.prototype.trimright/download/string.prototype.trimright-2.1.1.tgz?cache=0&sync_timestamp=1576706745939&other_urls=https%3A%2F%2Fregistry.npm.taobao.org%2Fstring.prototype.trimright%2Fdownload%2Fstring.prototype.trimright-2.1.1.tgz#440314b15996c866ce8a0341894d45186200c5d9"
    integrity sha1-RAMUsVmWyGbOigNBiU1FGGIAxdk=
    dependencies:
      define-properties "^1.1.3"
      function-bind "^1.1.1"
  
  strip-ansi@^4.0.0:
    version "4.0.0"
    resolved "https://registry.npm.taobao.org/strip-ansi/download/strip-ansi-4.0.0.tgz?cache=0&sync_timestamp=1573280518303&other_urls=https%3A%2F%2Fregistry.npm.taobao.org%2Fstrip-ansi%2Fdownload%2Fstrip-ansi-4.0.0.tgz#a8479022eb1ac368a871389b635262c505ee368f"
    integrity sha1-qEeQIusaw2iocTibY1JixQXuNo8=
    dependencies:
      ansi-regex "^3.0.0"
  
  strip-ansi@^5.0.0, strip-ansi@^5.1.0, strip-ansi@^5.2.0:
    version "5.2.0"
    resolved "https://registry.npm.taobao.org/strip-ansi/download/strip-ansi-5.2.0.tgz?cache=0&sync_timestamp=1573280518303&other_urls=https%3A%2F%2Fregistry.npm.taobao.org%2Fstrip-ansi%2Fdownload%2Fstrip-ansi-5.2.0.tgz#8c9a536feb6afc962bdfa5b104a5091c1ad9c0ae"
    integrity sha1-jJpTb+tq/JYr36WxBKUJHBrZwK4=
    dependencies:
      ansi-regex "^4.1.0"
  
  strip-ansi@^6.0.0:
    version "6.0.0"
    resolved "https://registry.npm.taobao.org/strip-ansi/download/strip-ansi-6.0.0.tgz?cache=0&sync_timestamp=1573280518303&other_urls=https%3A%2F%2Fregistry.npm.taobao.org%2Fstrip-ansi%2Fdownload%2Fstrip-ansi-6.0.0.tgz#0b1571dd7669ccd4f3e06e14ef1eed26225ae532"
    integrity sha1-CxVx3XZpzNTz4G4U7x7tJiJa5TI=
    dependencies:
      ansi-regex "^5.0.0"
  
  strip-final-newline@^2.0.0:
    version "2.0.0"
    resolved "https://registry.npm.taobao.org/strip-final-newline/download/strip-final-newline-2.0.0.tgz#89b852fb2fcbe936f6f4b3187afb0a12c1ab58ad"
    integrity sha1-ibhS+y/L6Tb29LMYevsKEsGrWK0=
  
  strip-json-comments@2.0.1:
    version "2.0.1"
    resolved "https://registry.npm.taobao.org/strip-json-comments/download/strip-json-comments-2.0.1.tgz#3c531942e908c2697c0ec344858c286c7ca0a60a"
    integrity sha1-PFMZQukIwml8DsNEhYwobHygpgo=
  
  strip-json-comments@^3.0.1:
    version "3.0.1"
    resolved "https://registry.npm.taobao.org/strip-json-comments/download/strip-json-comments-3.0.1.tgz#85713975a91fb87bf1b305cca77395e40d2a64a7"
    integrity sha1-hXE5dakfuHvxswXMp3OV5A0qZKc=
  
  supports-color@6.0.0:
    version "6.0.0"
    resolved "https://registry.npm.taobao.org/supports-color/download/supports-color-6.0.0.tgz#76cfe742cf1f41bb9b1c29ad03068c05b4c0e40a"
    integrity sha1-ds/nQs8fQbubHCmtAwaMBbTA5Ao=
    dependencies:
      has-flag "^3.0.0"
  
  supports-color@^5.3.0:
    version "5.5.0"
    resolved "https://registry.npm.taobao.org/supports-color/download/supports-color-5.5.0.tgz#e2e69a44ac8772f78a1ec0b35b689df6530efc8f"
    integrity sha1-4uaaRKyHcveKHsCzW2id9lMO/I8=
    dependencies:
      has-flag "^3.0.0"
  
  supports-color@^7.1.0:
    version "7.1.0"
    resolved "https://registry.npm.taobao.org/supports-color/download/supports-color-7.1.0.tgz#68e32591df73e25ad1c4b49108a2ec507962bfd1"
    integrity sha1-aOMlkd9z4lrRxLSRCKLsUHliv9E=
    dependencies:
      has-flag "^4.0.0"
  
  table@^5.2.3:
    version "5.4.6"
    resolved "https://registry.npm.taobao.org/table/download/table-5.4.6.tgz#1292d19500ce3f86053b05f0e8e7e4a3bb21079e"
    integrity sha1-EpLRlQDOP4YFOwXw6Ofko7shB54=
    dependencies:
      ajv "^6.10.2"
      lodash "^4.17.14"
      slice-ansi "^2.1.0"
      string-width "^3.0.0"
  
  text-table@^0.2.0:
    version "0.2.0"
    resolved "https://registry.npm.taobao.org/text-table/download/text-table-0.2.0.tgz#7f5ee823ae805207c00af2df4a84ec3fcfa570b4"
    integrity sha1-f17oI66AUgfACvLfSoTsP8+lcLQ=
  
  through@^2.3.6:
    version "2.3.8"
    resolved "https://registry.npm.taobao.org/through/download/through-2.3.8.tgz#0dd4c9ffaabc357960b1b724115d7e0e86a2e1f5"
    integrity sha1-DdTJ/6q8NXlgsbckEV1+Doai4fU=
  
  tmp@^0.0.33:
    version "0.0.33"
    resolved "https://registry.npm.taobao.org/tmp/download/tmp-0.0.33.tgz#6d34335889768d21b2bcda0aa277ced3b1bfadf9"
    integrity sha1-bTQzWIl2jSGyvNoKonfO07G/rfk=
    dependencies:
      os-tmpdir "~1.0.2"
  
  to-regex-range@^5.0.1:
    version "5.0.1"
    resolved "https://registry.npm.taobao.org/to-regex-range/download/to-regex-range-5.0.1.tgz#1648c44aae7c8d988a326018ed72f5b4dd0392e4"
    integrity sha1-FkjESq58jZiKMmAY7XL1tN0DkuQ=
    dependencies:
      is-number "^7.0.0"
  
  tslib@^1.8.1, tslib@^1.9.0:
    version "1.11.1"
    resolved "https://registry.npm.taobao.org/tslib/download/tslib-1.11.1.tgz#eb15d128827fbee2841549e171f45ed338ac7e35"
    integrity sha1-6xXRKIJ/vuKEFUnhcfRe0zisfjU=
  
  tsutils@^3.17.1:
    version "3.17.1"
    resolved "https://registry.npm.taobao.org/tsutils/download/tsutils-3.17.1.tgz#ed719917f11ca0dee586272b2ac49e015a2dd759"
    integrity sha1-7XGZF/EcoN7lhicrKsSeAVot11k=
    dependencies:
      tslib "^1.8.1"
  
  type-check@~0.3.2:
    version "0.3.2"
    resolved "https://registry.npm.taobao.org/type-check/download/type-check-0.3.2.tgz#5884cab512cf1d355e3fb784f30804b2b520db72"
    integrity sha1-WITKtRLPHTVeP7eE8wgEsrUg23I=
    dependencies:
      prelude-ls "~1.1.2"
  
  type-fest@^0.11.0:
    version "0.11.0"
    resolved "https://registry.npm.taobao.org/type-fest/download/type-fest-0.11.0.tgz#97abf0872310fed88a5c466b25681576145e33f1"
    integrity sha1-l6vwhyMQ/tiKXEZrJWgVdhReM/E=
  
  type-fest@^0.8.1:
    version "0.8.1"
    resolved "https://registry.npm.taobao.org/type-fest/download/type-fest-0.8.1.tgz#09e249ebde851d3b1e48d27c105444667f17b83d"
    integrity sha1-CeJJ696FHTseSNJ8EFREZn8XuD0=
  
  typescript@^3.7.5:
    version "3.8.3"
    resolved "https://registry.npm.taobao.org/typescript/download/typescript-3.8.3.tgz?cache=0&sync_timestamp=1583653040698&other_urls=https%3A%2F%2Fregistry.npm.taobao.org%2Ftypescript%2Fdownload%2Ftypescript-3.8.3.tgz#409eb8544ea0335711205869ec458ab109ee1061"
    integrity sha1-QJ64VE6gM1cRIFhp7EWKsQnuEGE=
  
  uri-js@^4.2.2:
    version "4.2.2"
    resolved "https://registry.npm.taobao.org/uri-js/download/uri-js-4.2.2.tgz#94c540e1ff772956e2299507c010aea6c8838eb0"
    integrity sha1-lMVA4f93KVbiKZUHwBCupsiDjrA=
    dependencies:
      punycode "^2.1.0"
  
  v8-compile-cache@^2.0.3:
    version "2.1.0"
    resolved "https://registry.npm.taobao.org/v8-compile-cache/download/v8-compile-cache-2.1.0.tgz#e14de37b31a6d194f5690d67efc4e7f6fc6ab30e"
    integrity sha1-4U3jezGm0ZT1aQ1n78Tn9vxqsw4=
  
  vscode-test@^1.3.0:
    version "1.3.0"
    resolved "https://registry.npm.taobao.org/vscode-test/download/vscode-test-1.3.0.tgz#3310ab385d9b887b4c82e8f52be1030e7cf9493d"
    integrity sha1-MxCrOF2biHtMguj1K+EDDnz5ST0=
    dependencies:
      http-proxy-agent "^2.1.0"
      https-proxy-agent "^2.2.4"
      rimraf "^2.6.3"
  
  which-module@^2.0.0:
    version "2.0.0"
    resolved "https://registry.npm.taobao.org/which-module/download/which-module-2.0.0.tgz#d9ef07dce77b9902b8a3a8fa4b31c3e3f7e6e87a"
    integrity sha1-2e8H3Od7mQK4o6j6SzHD4/fm6Ho=
  
  which@1.3.1, which@^1.2.9:
    version "1.3.1"
    resolved "https://registry.npm.taobao.org/which/download/which-1.3.1.tgz?cache=0&sync_timestamp=1574116720213&other_urls=https%3A%2F%2Fregistry.npm.taobao.org%2Fwhich%2Fdownload%2Fwhich-1.3.1.tgz#a45043d54f5805316da8d62f9f50918d3da70b0a"
    integrity sha1-pFBD1U9YBTFtqNYvn1CRjT2nCwo=
    dependencies:
      isexe "^2.0.0"
  
  which@^2.0.1:
    version "2.0.2"
    resolved "https://registry.npm.taobao.org/which/download/which-2.0.2.tgz?cache=0&other_urls=https%3A%2F%2Fregistry.npm.taobao.org%2Fwhich%2Fdownload%2Fwhich-2.0.2.tgz#7c6a8dd0a636a0327e10b59c9286eee93f3f51b1"
    integrity sha1-fGqN0KY2oDJ+ELWckobu6T8/UbE=
    dependencies:
      isexe "^2.0.0"
  
  wide-align@1.1.3:
    version "1.1.3"
    resolved "https://registry.npm.taobao.org/wide-align/download/wide-align-1.1.3.tgz#ae074e6bdc0c14a431e804e624549c633b000457"
    integrity sha1-rgdOa9wMFKQx6ATmJFScYzsABFc=
    dependencies:
      string-width "^1.0.2 || 2"
  
  word-wrap@~1.2.3:
    version "1.2.3"
    resolved "https://registry.npm.taobao.org/word-wrap/download/word-wrap-1.2.3.tgz#610636f6b1f703891bd34771ccb17fb93b47079c"
    integrity sha1-YQY29rH3A4kb00dxzLF/uTtHB5w=
  
  wrap-ansi@^5.1.0:
    version "5.1.0"
    resolved "https://registry.npm.taobao.org/wrap-ansi/download/wrap-ansi-5.1.0.tgz#1fd1f67235d5b6d0fee781056001bfb694c03b09"
    integrity sha1-H9H2cjXVttD+54EFYAG/tpTAOwk=
    dependencies:
      ansi-styles "^3.2.0"
      string-width "^3.0.0"
      strip-ansi "^5.0.0"
  
  wrappy@1:
    version "1.0.2"
    resolved "https://registry.npm.taobao.org/wrappy/download/wrappy-1.0.2.tgz#b5243d8f3ec1aa35f1364605bc0d1036e30ab69f"
    integrity sha1-tSQ9jz7BqjXxNkYFvA0QNuMKtp8=
  
  write@1.0.3:
    version "1.0.3"
    resolved "https://registry.npm.taobao.org/write/download/write-1.0.3.tgz#0800e14523b923a387e415123c865616aae0f5c3"
    integrity sha1-CADhRSO5I6OH5BUSPIZWFqrg9cM=
    dependencies:
      mkdirp "^0.5.1"
  
  y18n@^4.0.0:
    version "4.0.0"
    resolved "https://registry.npm.taobao.org/y18n/download/y18n-4.0.0.tgz#95ef94f85ecc81d007c264e190a120f0a3c8566b"
    integrity sha1-le+U+F7MgdAHwmThkKEg8KPIVms=
  
  yargs-parser@13.1.1, yargs-parser@^13.1.1:
    version "13.1.1"
    resolved "https://registry.npm.taobao.org/yargs-parser/download/yargs-parser-13.1.1.tgz#d26058532aa06d365fe091f6a1fc06b2f7e5eca0"
    integrity sha1-0mBYUyqgbTZf4JH2ofwGsvfl7KA=
    dependencies:
      camelcase "^5.0.0"
      decamelize "^1.2.0"
  
  yargs-unparser@1.6.0:
    version "1.6.0"
    resolved "https://registry.npm.taobao.org/yargs-unparser/download/yargs-unparser-1.6.0.tgz#ef25c2c769ff6bd09e4b0f9d7c605fb27846ea9f"
    integrity sha1-7yXCx2n/a9CeSw+dfGBfsnhG6p8=
    dependencies:
      flat "^4.1.0"
      lodash "^4.17.15"
      yargs "^13.3.0"
  
  yargs@13.3.0, yargs@^13.3.0:
    version "13.3.0"
    resolved "https://registry.npm.taobao.org/yargs/download/yargs-13.3.0.tgz?cache=0&sync_timestamp=1583627324207&other_urls=https%3A%2F%2Fregistry.npm.taobao.org%2Fyargs%2Fdownload%2Fyargs-13.3.0.tgz#4c657a55e07e5f2cf947f8a366567c04a0dedc83"
    integrity sha1-TGV6VeB+Xyz5R/ijZlZ8BKDe3IM=
    dependencies:
      cliui "^5.0.0"
      find-up "^3.0.0"
      get-caller-file "^2.0.1"
      require-directory "^2.1.1"
      require-main-filename "^2.0.0"
      set-blocking "^2.0.0"
      string-width "^3.0.0"
      which-module "^2.0.0"
      y18n "^4.0.0"
      yargs-parser "^13.1.1"
